# JRE version: Java(TM) SE Runtime Environment (8.0_251-b08) (build 1.8.0_251-b08)
# Java VM: Java HotSpot(TM) 64-Bit Server VM (25.251-b08 mixed mode windows-amd64 compressed oops)
Heap:
 PSYoungGen      total 82432K, used 27337K [0x00000000d5f00000, 0x00000000dd580000, 0x0000000100000000)
  eden space 49152K, 20% used [0x00000000d5f00000,0x00000000d68f06c8,0x00000000d8f00000)
  from space 33280K, 51% used [0x00000000dae00000,0x00000000dbec2040,0x00000000dce80000)
  to   space 31744K, 0% used [0x00000000d8f00000,0x00000000d8f00000,0x00000000dae00000)
 ParOldGen       total 93184K, used 50247K [0x0000000081c00000, 0x0000000087700000, 0x00000000d5f00000)
  object space 93184K, 53% used [0x0000000081c00000,0x0000000084d11e50,0x0000000087700000)
 Metaspace       used 24573K, capacity 25358K, committed 25600K, reserved 1071104K
  class space    used 3093K, capacity 3313K, committed 3328K, reserved 1048576K
GC Heap History (10 events):
Event: 7.162 GC heap before
{Heap before GC invocations=3 (full 0):
 PSYoungGen      total 38400K, used 38386K [0x00000000d5f00000, 0x00000000d8980000, 0x0000000100000000)
  eden space 33280K, 100% used [0x00000000d5f00000,0x00000000d7f80000,0x00000000d7f80000)
  from space 5120K, 99% used [0x00000000d8480000,0x00000000d897cb88,0x00000000d8980000)
  to   space 5120K, 0% used [0x00000000d7f80000,0x00000000d7f80000,0x00000000d8480000)
 ParOldGen       total 87552K, used 3998K [0x0000000081c00000, 0x0000000087180000, 0x00000000d5f00000)
  object space 87552K, 4% used [0x0000000081c00000,0x0000000081fe7948,0x0000000087180000)
 Metaspace       used 19425K, capacity 20124K, committed 20480K, reserved 1067008K
  class space    used 2514K, capacity 2706K, committed 2816K, reserved 1048576K
Event: 7.173 GC heap after
Heap after GC invocations=3 (full 0):
 PSYoungGen      total 38400K, used 5104K [0x00000000d5f00000, 0x00000000d8980000, 0x0000000100000000)
  eden space 33280K, 0% used [0x00000000d5f00000,0x00000000d5f00000,0x00000000d7f80000)
  from space 5120K, 99% used [0x00000000d7f80000,0x00000000d847c050,0x00000000d8480000)
  to   space 5120K, 0% used [0x00000000d8480000,0x00000000d8480000,0x00000000d8980000)
 ParOldGen       total 87552K, used 7813K [0x0000000081c00000, 0x0000000087180000, 0x00000000d5f00000)
  object space 87552K, 8% used [0x0000000081c00000,0x00000000823a1460,0x0000000087180000)
 Metaspace       used 19425K, capacity 20124K, committed 20480K, reserved 1067008K
  class space    used 2514K, capacity 2706K, committed 2816K, reserved 1048576K
}
Event: 19.069 GC heap before
{Heap before GC invocations=4 (full 0):
 PSYoungGen      total 38400K, used 32395K [0x00000000d5f00000, 0x00000000d8980000, 0x0000000100000000)
  eden space 33280K, 82% used [0x00000000d5f00000,0x00000000d79a6f40,0x00000000d7f80000)
  from space 5120K, 99% used [0x00000000d7f80000,0x00000000d847c050,0x00000000d8480000)
  to   space 5120K, 0% used [0x00000000d8480000,0x00000000d8480000,0x00000000d8980000)
 ParOldGen       total 87552K, used 7813K [0x0000000081c00000, 0x0000000087180000, 0x00000000d5f00000)
  object space 87552K, 8% used [0x0000000081c00000,0x00000000823a1460,0x0000000087180000)
 Metaspace       used 20420K, capacity 21194K, committed 21296K, reserved 1067008K
  class space    used 2661K, capacity 2887K, committed 2944K, reserved 1048576K
Event: 19.115 GC heap after
Heap after GC invocations=4 (full 0):
 PSYoungGen      total 38400K, used 5088K [0x00000000d5f00000, 0x00000000d8980000, 0x0000000100000000)
  eden space 33280K, 0% used [0x00000000d5f00000,0x00000000d5f00000,0x00000000d7f80000)
  from space 5120K, 99% used [0x00000000d8480000,0x00000000d8978060,0x00000000d8980000)
  to   space 5120K, 0% used [0x00000000d7f80000,0x00000000d7f80000,0x00000000d8480000)
 ParOldGen       total 87552K, used 25779K [0x0000000081c00000, 0x0000000087180000, 0x00000000d5f00000)
  object space 87552K, 29% used [0x0000000081c00000,0x000000008352ce18,0x0000000087180000)
 Metaspace       used 20420K, capacity 21194K, committed 21296K, reserved 1067008K
  class space    used 2661K, capacity 2887K, committed 2944K, reserved 1048576K
}
Event: 19.115 GC heap before
{Heap before GC invocations=5 (full 1):
 PSYoungGen      total 38400K, used 5088K [0x00000000d5f00000, 0x00000000d8980000, 0x0000000100000000)
  eden space 33280K, 0% used [0x00000000d5f00000,0x00000000d5f00000,0x00000000d7f80000)
  from space 5120K, 99% used [0x00000000d8480000,0x00000000d8978060,0x00000000d8980000)
  to   space 5120K, 0% used [0x00000000d7f80000,0x00000000d7f80000,0x00000000d8480000)
 ParOldGen       total 87552K, used 25779K [0x0000000081c00000, 0x0000000087180000, 0x00000000d5f00000)
  object space 87552K, 29% used [0x0000000081c00000,0x000000008352ce18,0x0000000087180000)
 Metaspace       used 20420K, capacity 21194K, committed 21296K, reserved 1067008K
  class space    used 2661K, capacity 2887K, committed 2944K, reserved 1048576K
Event: 19.235 GC heap after
Heap after GC invocations=5 (full 1):
 PSYoungGen      total 38400K, used 0K [0x00000000d5f00000, 0x00000000d8980000, 0x0000000100000000)
  eden space 33280K, 0% used [0x00000000d5f00000,0x00000000d5f00000,0x00000000d7f80000)
  from space 5120K, 0% used [0x00000000d8480000,0x00000000d8480000,0x00000000d8980000)
  to   space 5120K, 0% used [0x00000000d7f80000,0x00000000d7f80000,0x00000000d8480000)
 ParOldGen       total 93184K, used 24524K [0x0000000081c00000, 0x0000000087700000, 0x00000000d5f00000)
  object space 93184K, 26% used [0x0000000081c00000,0x00000000833f3000,0x0000000087700000)
 Metaspace       used 20420K, capacity 21194K, committed 21296K, reserved 1067008K
  class space    used 2661K, capacity 2887K, committed 2944K, reserved 1048576K
}
Event: 28.094 GC heap before
{Heap before GC invocations=6 (full 1):
 PSYoungGen      total 38400K, used 30849K [0x00000000d5f00000, 0x00000000d8980000, 0x0000000100000000)
  eden space 33280K, 92% used [0x00000000d5f00000,0x00000000d7d204b8,0x00000000d7f80000)
  from space 5120K, 0% used [0x00000000d8480000,0x00000000d8480000,0x00000000d8980000)
  to   space 5120K, 0% used [0x00000000d7f80000,0x00000000d7f80000,0x00000000d8480000)
 ParOldGen       total 93184K, used 24524K [0x0000000081c00000, 0x0000000087700000, 0x00000000d5f00000)
  object space 93184K, 26% used [0x0000000081c00000,0x00000000833f3000,0x0000000087700000)
 Metaspace       used 24502K, capacity 25358K, committed 25600K, reserved 1071104K
  class space    used 3086K, capacity 3313K, committed 3328K, reserved 1048576K
Event: 28.105 GC heap after
Heap after GC invocations=6 (full 1):
 PSYoungGen      total 38400K, used 5104K [0x00000000d5f00000, 0x00000000dce80000, 0x0000000100000000)
  eden space 33280K, 0% used [0x00000000d5f00000,0x00000000d5f00000,0x00000000d7f80000)
  from space 5120K, 99% used [0x00000000d7f80000,0x00000000d847c228,0x00000000d8480000)
  to   space 33280K, 0% used [0x00000000dae00000,0x00000000dae00000,0x00000000dce80000)
 ParOldGen       total 93184K, used 50239K [0x0000000081c00000, 0x0000000087700000, 0x00000000d5f00000)
  object space 93184K, 53% used [0x0000000081c00000,0x0000000084d0fe50,0x0000000087700000)
 Metaspace       used 24502K, capacity 25358K, committed 25600K, reserved 1071104K
  class space    used 3086K, capacity 3313K, committed 3328K, reserved 1048576K
}
Event: 28.282 GC heap before
{Heap before GC invocations=7 (full 1):
 PSYoungGen      total 38400K, used 38384K [0x00000000d5f00000, 0x00000000dce80000, 0x0000000100000000)
  eden space 33280K, 100% used [0x00000000d5f00000,0x00000000d7f80000,0x00000000d7f80000)
  from space 5120K, 99% used [0x00000000d7f80000,0x00000000d847c228,0x00000000d8480000)
  to   space 33280K, 0% used [0x00000000dae00000,0x00000000dae00000,0x00000000dce80000)
 ParOldGen       total 93184K, used 50239K [0x0000000081c00000, 0x0000000087700000, 0x00000000d5f00000)
  object space 93184K, 53% used [0x0000000081c00000,0x0000000084d0fe50,0x0000000087700000)
 Metaspace       used 24529K, capacity 25358K, committed 25600K, reserved 1071104K
  class space    used 3087K, capacity 3313K, committed 3328K, reserved 1048576K
Event: 28.292 GC heap after
Heap after GC invocations=7 (full 1):
 PSYoungGen      total 82432K, used 17160K [0x00000000d5f00000, 0x00000000dd580000, 0x0000000100000000)
  eden space 49152K, 0% used [0x00000000d5f00000,0x00000000d5f00000,0x00000000d8f00000)
  from space 33280K, 51% used [0x00000000dae00000,0x00000000dbec2040,0x00000000dce80000)
  to   space 31744K, 0% used [0x00000000d8f00000,0x00000000d8f00000,0x00000000dae00000)
 ParOldGen       total 93184K, used 50247K [0x0000000081c00000, 0x0000000087700000, 0x00000000d5f00000)
  object space 93184K, 53% used [0x0000000081c00000,0x0000000084d11e50,0x0000000087700000)
 Metaspace       used 24529K, capacity 25358K, committed 25600K, reserved 1071104K
  class space    used 3087K, capacity 3313K, committed 3328K, reserved 1048576K
}

