# JRE version: Java(TM) SE Runtime Environment (8.0_251-b08) (build 1.8.0_251-b08)
# Java VM: Java HotSpot(TM) 64-Bit Server VM (25.251-b08 mixed mode windows-amd64 compressed oops)
Heap:
 PSYoungGen      total 66048K, used 46509K [0x00000000d5f00000, 0x00000000ddd00000, 0x0000000100000000)
  eden space 34816K, 50% used [0x00000000d5f00000,0x00000000d702fcb0,0x00000000d8100000)
  from space 31232K, 92% used [0x00000000d8100000,0x00000000d9d3b870,0x00000000d9f80000)
  to   space 35840K, 0% used [0x00000000dba00000,0x00000000dba00000,0x00000000ddd00000)
 ParOldGen       total 99840K, used 42939K [0x0000000081c00000, 0x0000000087d80000, 0x00000000d5f00000)
  object space 99840K, 43% used [0x0000000081c00000,0x00000000845eeda0,0x0000000087d80000)
 Metaspace       used 24675K, capacity 25486K, committed 25856K, reserved 1071104K
  class space    used 3101K, capacity 3313K, committed 3328K, reserved 1048576K
GC Heap History (10 events):
Event: 18.703 GC heap before
{Heap before GC invocations=5 (full 1):
 PSYoungGen      total 38400K, used 5106K [0x00000000d5f00000, 0x00000000d8980000, 0x0000000100000000)
  eden space 33280K, 0% used [0x00000000d5f00000,0x00000000d5f00000,0x00000000d7f80000)
  from space 5120K, 99% used [0x00000000d8480000,0x00000000d897cb88,0x00000000d8980000)
  to   space 5120K, 0% used [0x00000000d7f80000,0x00000000d7f80000,0x00000000d8480000)
 ParOldGen       total 87552K, used 25776K [0x0000000081c00000, 0x0000000087180000, 0x00000000d5f00000)
  object space 87552K, 29% used [0x0000000081c00000,0x000000008352c1f0,0x0000000087180000)
 Metaspace       used 20419K, capacity 21194K, committed 21296K, reserved 1067008K
  class space    used 2661K, capacity 2887K, committed 2944K, reserved 1048576K
Event: 18.781 GC heap after
Heap after GC invocations=5 (full 1):
 PSYoungGen      total 38400K, used 0K [0x00000000d5f00000, 0x00000000d8980000, 0x0000000100000000)
  eden space 33280K, 0% used [0x00000000d5f00000,0x00000000d5f00000,0x00000000d7f80000)
  from space 5120K, 0% used [0x00000000d8480000,0x00000000d8480000,0x00000000d8980000)
  to   space 5120K, 0% used [0x00000000d7f80000,0x00000000d7f80000,0x00000000d8480000)
 ParOldGen       total 75264K, used 24493K [0x0000000081c00000, 0x0000000086580000, 0x00000000d5f00000)
  object space 75264K, 32% used [0x0000000081c00000,0x00000000833eb550,0x0000000086580000)
 Metaspace       used 20419K, capacity 21194K, committed 21296K, reserved 1067008K
  class space    used 2661K, capacity 2887K, committed 2944K, reserved 1048576K
}
Event: 26.591 GC heap before
{Heap before GC invocations=6 (full 1):
 PSYoungGen      total 38400K, used 31018K [0x00000000d5f00000, 0x00000000d8980000, 0x0000000100000000)
  eden space 33280K, 93% used [0x00000000d5f00000,0x00000000d7d4a910,0x00000000d7f80000)
  from space 5120K, 0% used [0x00000000d8480000,0x00000000d8480000,0x00000000d8980000)
  to   space 5120K, 0% used [0x00000000d7f80000,0x00000000d7f80000,0x00000000d8480000)
 ParOldGen       total 75264K, used 24493K [0x0000000081c00000, 0x0000000086580000, 0x00000000d5f00000)
  object space 75264K, 32% used [0x0000000081c00000,0x00000000833eb550,0x0000000086580000)
 Metaspace       used 24514K, capacity 25358K, committed 25600K, reserved 1071104K
  class space    used 3088K, capacity 3313K, committed 3328K, reserved 1048576K
Event: 26.601 GC heap after
Heap after GC invocations=6 (full 1):
 PSYoungGen      total 37888K, used 5114K [0x00000000d5f00000, 0x00000000dc000000, 0x0000000100000000)
  eden space 32768K, 0% used [0x00000000d5f00000,0x00000000d5f00000,0x00000000d7f00000)
  from space 5120K, 99% used [0x00000000d7f80000,0x00000000d847e998,0x00000000d8480000)
  to   space 33280K, 0% used [0x00000000d9f80000,0x00000000d9f80000,0x00000000dc000000)
 ParOldGen       total 75264K, used 50232K [0x0000000081c00000, 0x0000000086580000, 0x00000000d5f00000)
  object space 75264K, 66% used [0x0000000081c00000,0x0000000084d0e1a8,0x0000000086580000)
 Metaspace       used 24514K, capacity 25358K, committed 25600K, reserved 1071104K
  class space    used 3088K, capacity 3313K, committed 3328K, reserved 1048576K
}
Event: 26.601 GC heap before
{Heap before GC invocations=7 (full 2):
 PSYoungGen      total 37888K, used 5114K [0x00000000d5f00000, 0x00000000dc000000, 0x0000000100000000)
  eden space 32768K, 0% used [0x00000000d5f00000,0x00000000d5f00000,0x00000000d7f00000)
  from space 5120K, 99% used [0x00000000d7f80000,0x00000000d847e998,0x00000000d8480000)
  to   space 33280K, 0% used [0x00000000d9f80000,0x00000000d9f80000,0x00000000dc000000)
 ParOldGen       total 75264K, used 50232K [0x0000000081c00000, 0x0000000086580000, 0x00000000d5f00000)
  object space 75264K, 66% used [0x0000000081c00000,0x0000000084d0e1a8,0x0000000086580000)
 Metaspace       used 24514K, capacity 25358K, committed 25600K, reserved 1071104K
  class space    used 3088K, capacity 3313K, committed 3328K, reserved 1048576K
Event: 26.636 GC heap after
Heap after GC invocations=7 (full 2):
 PSYoungGen      total 37888K, used 0K [0x00000000d5f00000, 0x00000000dc000000, 0x0000000100000000)
  eden space 32768K, 0% used [0x00000000d5f00000,0x00000000d5f00000,0x00000000d7f00000)
  from space 5120K, 0% used [0x00000000d7f80000,0x00000000d7f80000,0x00000000d8480000)
  to   space 33280K, 0% used [0x00000000d9f80000,0x00000000d9f80000,0x00000000dc000000)
 ParOldGen       total 99840K, used 38833K [0x0000000081c00000, 0x0000000087d80000, 0x00000000d5f00000)
  object space 99840K, 38% used [0x0000000081c00000,0x00000000841ec590,0x0000000087d80000)
 Metaspace       used 24514K, capacity 25358K, committed 25600K, reserved 1071104K
  class space    used 3088K, capacity 3313K, committed 3328K, reserved 1048576K
}
Event: 26.859 GC heap before
{Heap before GC invocations=8 (full 2):
 PSYoungGen      total 37888K, used 32768K [0x00000000d5f00000, 0x00000000dc000000, 0x0000000100000000)
  eden space 32768K, 100% used [0x00000000d5f00000,0x00000000d7f00000,0x00000000d7f00000)
  from space 5120K, 0% used [0x00000000d7f80000,0x00000000d7f80000,0x00000000d8480000)
  to   space 33280K, 0% used [0x00000000d9f80000,0x00000000d9f80000,0x00000000dc000000)
 ParOldGen       total 99840K, used 38833K [0x0000000081c00000, 0x0000000087d80000, 0x00000000d5f00000)
  object space 99840K, 38% used [0x0000000081c00000,0x00000000841ec590,0x0000000087d80000)
 Metaspace       used 24540K, capacity 25422K, committed 25600K, reserved 1071104K
  class space    used 3089K, capacity 3313K, committed 3328K, reserved 1048576K
Event: 26.864 GC heap after
Heap after GC invocations=8 (full 2):
 PSYoungGen      total 68096K, used 16520K [0x00000000d5f00000, 0x00000000dd100000, 0x0000000100000000)
  eden space 34816K, 0% used [0x00000000d5f00000,0x00000000d5f00000,0x00000000d8100000)
  from space 33280K, 49% used [0x00000000d9f80000,0x00000000dafa2040,0x00000000dc000000)
  to   space 31232K, 0% used [0x00000000d8100000,0x00000000d8100000,0x00000000d9f80000)
 ParOldGen       total 99840K, used 38841K [0x0000000081c00000, 0x0000000087d80000, 0x00000000d5f00000)
  object space 99840K, 38% used [0x0000000081c00000,0x00000000841ee590,0x0000000087d80000)
 Metaspace       used 24540K, capacity 25422K, committed 25600K, reserved 1071104K
  class space    used 3089K, capacity 3313K, committed 3328K, reserved 1048576K
}
Event: 28.055 GC heap before
{Heap before GC invocations=9 (full 2):
 PSYoungGen      total 68096K, used 51336K [0x00000000d5f00000, 0x00000000dd100000, 0x0000000100000000)
  eden space 34816K, 100% used [0x00000000d5f00000,0x00000000d8100000,0x00000000d8100000)
  from space 33280K, 49% used [0x00000000d9f80000,0x00000000dafa2040,0x00000000dc000000)
  to   space 31232K, 0% used [0x00000000d8100000,0x00000000d8100000,0x00000000d9f80000)
 ParOldGen       total 99840K, used 38841K [0x0000000081c00000, 0x0000000087d80000, 0x00000000d5f00000)
  object space 99840K, 38% used [0x0000000081c00000,0x00000000841ee590,0x0000000087d80000)
 Metaspace       used 24655K, capacity 25486K, committed 25856K, reserved 1071104K
  class space    used 3100K, capacity 3313K, committed 3328K, reserved 1048576K
Event: 28.063 GC heap after
Heap after GC invocations=9 (full 2):
 PSYoungGen      total 66048K, used 28910K [0x00000000d5f00000, 0x00000000ddd00000, 0x0000000100000000)
  eden space 34816K, 0% used [0x00000000d5f00000,0x00000000d5f00000,0x00000000d8100000)
  from space 31232K, 92% used [0x00000000d8100000,0x00000000d9d3b870,0x00000000d9f80000)
  to   space 35840K, 0% used [0x00000000dba00000,0x00000000dba00000,0x00000000ddd00000)
 ParOldGen       total 99840K, used 42939K [0x0000000081c00000, 0x0000000087d80000, 0x00000000d5f00000)
  object space 99840K, 43% used [0x0000000081c00000,0x00000000845eeda0,0x0000000087d80000)
 Metaspace       used 24655K, capacity 25486K, committed 25856K, reserved 1071104K
  class space    used 3100K, capacity 3313K, committed 3328K, reserved 1048576K
}

