# JRE version: Java(TM) SE Runtime Environment (8.0_251-b08) (build 1.8.0_251-b08)
# Java VM: Java HotSpot(TM) 64-Bit Server VM (25.251-b08 mixed mode windows-amd64 compressed oops)
Heap:
 PSYoungGen      total 64512K, used 27128K [0x00000000d5f00000, 0x00000000dd180000, 0x0000000100000000)
  eden space 33792K, 29% used [0x00000000d5f00000,0x00000000d68b75c8,0x00000000d8000000)
  from space 30720K, 55% used [0x00000000d9d00000,0x00000000dadc6b78,0x00000000dbb00000)
  to   space 29696K, 0% used [0x00000000d8000000,0x00000000d8000000,0x00000000d9d00000)
 ParOldGen       total 75264K, used 46150K [0x0000000081c00000, 0x0000000086580000, 0x00000000d5f00000)
  object space 75264K, 61% used [0x0000000081c00000,0x00000000849119e8,0x0000000086580000)
 Metaspace       used 24579K, capacity 25358K, committed 25600K, reserved 1071104K
  class space    used 3093K, capacity 3313K, committed 3328K, reserved 1048576K
GC Heap History (10 events):
Event: 7.168 GC heap before
{Heap before GC invocations=3 (full 0):
 PSYoungGen      total 38400K, used 38368K [0x00000000d5f00000, 0x00000000d8980000, 0x0000000100000000)
  eden space 33280K, 100% used [0x00000000d5f00000,0x00000000d7f80000,0x00000000d7f80000)
  from space 5120K, 99% used [0x00000000d8480000,0x00000000d8978040,0x00000000d8980000)
  to   space 5120K, 0% used [0x00000000d7f80000,0x00000000d7f80000,0x00000000d8480000)
 ParOldGen       total 87552K, used 4035K [0x0000000081c00000, 0x0000000087180000, 0x00000000d5f00000)
  object space 87552K, 4% used [0x0000000081c00000,0x0000000081ff0ef0,0x0000000087180000)
 Metaspace       used 19421K, capacity 20124K, committed 20480K, reserved 1067008K
  class space    used 2510K, capacity 2706K, committed 2816K, reserved 1048576K
Event: 7.182 GC heap after
Heap after GC invocations=3 (full 0):
 PSYoungGen      total 38400K, used 5090K [0x00000000d5f00000, 0x00000000d8980000, 0x0000000100000000)
  eden space 33280K, 0% used [0x00000000d5f00000,0x00000000d5f00000,0x00000000d7f80000)
  from space 5120K, 99% used [0x00000000d7f80000,0x00000000d8478ba8,0x00000000d8480000)
  to   space 5120K, 0% used [0x00000000d8480000,0x00000000d8480000,0x00000000d8980000)
 ParOldGen       total 87552K, used 7853K [0x0000000081c00000, 0x0000000087180000, 0x00000000d5f00000)
  object space 87552K, 8% used [0x0000000081c00000,0x00000000823ab7e0,0x0000000087180000)
 Metaspace       used 19421K, capacity 20124K, committed 20480K, reserved 1067008K
  class space    used 2510K, capacity 2706K, committed 2816K, reserved 1048576K
}
Event: 15.334 GC heap before
{Heap before GC invocations=4 (full 0):
 PSYoungGen      total 38400K, used 32393K [0x00000000d5f00000, 0x00000000d8980000, 0x0000000100000000)
  eden space 33280K, 82% used [0x00000000d5f00000,0x00000000d79a99e8,0x00000000d7f80000)
  from space 5120K, 99% used [0x00000000d7f80000,0x00000000d8478ba8,0x00000000d8480000)
  to   space 5120K, 0% used [0x00000000d8480000,0x00000000d8480000,0x00000000d8980000)
 ParOldGen       total 87552K, used 7853K [0x0000000081c00000, 0x0000000087180000, 0x00000000d5f00000)
  object space 87552K, 8% used [0x0000000081c00000,0x00000000823ab7e0,0x0000000087180000)
 Metaspace       used 20415K, capacity 21194K, committed 21296K, reserved 1067008K
  class space    used 2661K, capacity 2887K, committed 2944K, reserved 1048576K
Event: 15.351 GC heap after
Heap after GC invocations=4 (full 0):
 PSYoungGen      total 38400K, used 5090K [0x00000000d5f00000, 0x00000000d8980000, 0x0000000100000000)
  eden space 33280K, 0% used [0x00000000d5f00000,0x00000000d5f00000,0x00000000d7f80000)
  from space 5120K, 99% used [0x00000000d8480000,0x00000000d8978ba8,0x00000000d8980000)
  to   space 5120K, 0% used [0x00000000d7f80000,0x00000000d7f80000,0x00000000d8480000)
 ParOldGen       total 87552K, used 25808K [0x0000000081c00000, 0x0000000087180000, 0x00000000d5f00000)
  object space 87552K, 29% used [0x0000000081c00000,0x0000000083534020,0x0000000087180000)
 Metaspace       used 20415K, capacity 21194K, committed 21296K, reserved 1067008K
  class space    used 2661K, capacity 2887K, committed 2944K, reserved 1048576K
}
Event: 15.352 GC heap before
{Heap before GC invocations=5 (full 1):
 PSYoungGen      total 38400K, used 5090K [0x00000000d5f00000, 0x00000000d8980000, 0x0000000100000000)
  eden space 33280K, 0% used [0x00000000d5f00000,0x00000000d5f00000,0x00000000d7f80000)
  from space 5120K, 99% used [0x00000000d8480000,0x00000000d8978ba8,0x00000000d8980000)
  to   space 5120K, 0% used [0x00000000d7f80000,0x00000000d7f80000,0x00000000d8480000)
 ParOldGen       total 87552K, used 25808K [0x0000000081c00000, 0x0000000087180000, 0x00000000d5f00000)
  object space 87552K, 29% used [0x0000000081c00000,0x0000000083534020,0x0000000087180000)
 Metaspace       used 20415K, capacity 21194K, committed 21296K, reserved 1067008K
  class space    used 2661K, capacity 2887K, committed 2944K, reserved 1048576K
Event: 15.420 GC heap after
Heap after GC invocations=5 (full 1):
 PSYoungGen      total 38400K, used 0K [0x00000000d5f00000, 0x00000000d8980000, 0x0000000100000000)
  eden space 33280K, 0% used [0x00000000d5f00000,0x00000000d5f00000,0x00000000d7f80000)
  from space 5120K, 0% used [0x00000000d8480000,0x00000000d8480000,0x00000000d8980000)
  to   space 5120K, 0% used [0x00000000d7f80000,0x00000000d7f80000,0x00000000d8480000)
 ParOldGen       total 75264K, used 24524K [0x0000000081c00000, 0x0000000086580000, 0x00000000d5f00000)
  object space 75264K, 32% used [0x0000000081c00000,0x00000000833f33a8,0x0000000086580000)
 Metaspace       used 20415K, capacity 21194K, committed 21296K, reserved 1067008K
  class space    used 2661K, capacity 2887K, committed 2944K, reserved 1048576K
}
Event: 23.908 GC heap before
{Heap before GC invocations=6 (full 1):
 PSYoungGen      total 38400K, used 30922K [0x00000000d5f00000, 0x00000000d8980000, 0x0000000100000000)
  eden space 33280K, 92% used [0x00000000d5f00000,0x00000000d7d32b98,0x00000000d7f80000)
  from space 5120K, 0% used [0x00000000d8480000,0x00000000d8480000,0x00000000d8980000)
  to   space 5120K, 0% used [0x00000000d7f80000,0x00000000d7f80000,0x00000000d8480000)
 ParOldGen       total 75264K, used 24524K [0x0000000081c00000, 0x0000000086580000, 0x00000000d5f00000)
  object space 75264K, 32% used [0x0000000081c00000,0x00000000833f33a8,0x0000000086580000)
 Metaspace       used 24508K, capacity 25358K, committed 25600K, reserved 1071104K
  class space    used 3087K, capacity 3313K, committed 3328K, reserved 1048576K
Event: 23.921 GC heap after
Heap after GC invocations=6 (full 1):
 PSYoungGen      total 37888K, used 5091K [0x00000000d5f00000, 0x00000000dbb00000, 0x0000000100000000)
  eden space 32768K, 0% used [0x00000000d5f00000,0x00000000d5f00000,0x00000000d7f00000)
  from space 5120K, 99% used [0x00000000d7f80000,0x00000000d8478d60,0x00000000d8480000)
  to   space 30720K, 0% used [0x00000000d9d00000,0x00000000d9d00000,0x00000000dbb00000)
 ParOldGen       total 75264K, used 46142K [0x0000000081c00000, 0x0000000086580000, 0x00000000d5f00000)
  object space 75264K, 61% used [0x0000000081c00000,0x000000008490f9e8,0x0000000086580000)
 Metaspace       used 24508K, capacity 25358K, committed 25600K, reserved 1071104K
  class space    used 3087K, capacity 3313K, committed 3328K, reserved 1048576K
}
Event: 24.148 GC heap before
{Heap before GC invocations=7 (full 1):
 PSYoungGen      total 37888K, used 37859K [0x00000000d5f00000, 0x00000000dbb00000, 0x0000000100000000)
  eden space 32768K, 100% used [0x00000000d5f00000,0x00000000d7f00000,0x00000000d7f00000)
  from space 5120K, 99% used [0x00000000d7f80000,0x00000000d8478d60,0x00000000d8480000)
  to   space 30720K, 0% used [0x00000000d9d00000,0x00000000d9d00000,0x00000000dbb00000)
 ParOldGen       total 75264K, used 46142K [0x0000000081c00000, 0x0000000086580000, 0x00000000d5f00000)
  object space 75264K, 61% used [0x0000000081c00000,0x000000008490f9e8,0x0000000086580000)
 Metaspace       used 24536K, capacity 25358K, committed 25600K, reserved 1071104K
  class space    used 3088K, capacity 3313K, committed 3328K, reserved 1048576K
Event: 24.159 GC heap after
Heap after GC invocations=7 (full 1):
 PSYoungGen      total 64512K, used 17178K [0x00000000d5f00000, 0x00000000dd180000, 0x0000000100000000)
  eden space 33792K, 0% used [0x00000000d5f00000,0x00000000d5f00000,0x00000000d8000000)
  from space 30720K, 55% used [0x00000000d9d00000,0x00000000dadc6b78,0x00000000dbb00000)
  to   space 29696K, 0% used [0x00000000d8000000,0x00000000d8000000,0x00000000d9d00000)
 ParOldGen       total 75264K, used 46150K [0x0000000081c00000, 0x0000000086580000, 0x00000000d5f00000)
  object space 75264K, 61% used [0x0000000081c00000,0x00000000849119e8,0x0000000086580000)
 Metaspace       used 24536K, capacity 25358K, committed 25600K, reserved 1071104K
  class space    used 3088K, capacity 3313K, committed 3328K, reserved 1048576K
}

