# JRE version: Java(TM) SE Runtime Environment (8.0_251-b08) (build 1.8.0_251-b08)
# Java VM: Java HotSpot(TM) 64-Bit Server VM (25.251-b08 mixed mode windows-amd64 compressed oops)
Heap:
 PSYoungGen      total 38400K, used 28670K [0x00000000d5f00000, 0x00000000d8980000, 0x0000000100000000)
  eden space 33280K, 70% used [0x00000000d5f00000,0x00000000d7602558,0x00000000d7f80000)
  from space 5120K, 99% used [0x00000000d8480000,0x00000000d897d378,0x00000000d8980000)
  to   space 5120K, 0% used [0x00000000d7f80000,0x00000000d7f80000,0x00000000d8480000)
 ParOldGen       total 87552K, used 41945K [0x0000000081c00000, 0x0000000087180000, 0x00000000d5f00000)
  object space 87552K, 47% used [0x0000000081c00000,0x00000000844f6538,0x0000000087180000)
 Metaspace       used 11783K, capacity 11980K, committed 12288K, reserved 1060864K
  class space    used 1346K, capacity 1415K, committed 1536K, reserved 1048576K
GC Heap History (4 events):
Event: 3.094 GC heap before
{Heap before GC invocations=1 (full 0):
 PSYoungGen      total 38400K, used 32060K [0x00000000d5f00000, 0x00000000d8980000, 0x0000000100000000)
  eden space 33280K, 96% used [0x00000000d5f00000,0x00000000d7e4f2b0,0x00000000d7f80000)
  from space 5120K, 0% used [0x00000000d8480000,0x00000000d8480000,0x00000000d8980000)
  to   space 5120K, 0% used [0x00000000d7f80000,0x00000000d7f80000,0x00000000d8480000)
 ParOldGen       total 87552K, used 0K [0x0000000081c00000, 0x0000000087180000, 0x00000000d5f00000)
  object space 87552K, 0% used [0x0000000081c00000,0x0000000081c00000,0x0000000087180000)
 Metaspace       used 11181K, capacity 11404K, committed 11648K, reserved 1058816K
  class space    used 1280K, capacity 1351K, committed 1408K, reserved 1048576K
Event: 3.112 GC heap after
Heap after GC invocations=1 (full 0):
 PSYoungGen      total 38400K, used 3575K [0x00000000d5f00000, 0x00000000d8980000, 0x0000000100000000)
  eden space 33280K, 0% used [0x00000000d5f00000,0x00000000d5f00000,0x00000000d7f80000)
  from space 5120K, 69% used [0x00000000d7f80000,0x00000000d82fde50,0x00000000d8480000)
  to   space 5120K, 0% used [0x00000000d8480000,0x00000000d8480000,0x00000000d8980000)
 ParOldGen       total 87552K, used 15789K [0x0000000081c00000, 0x0000000087180000, 0x00000000d5f00000)
  object space 87552K, 18% used [0x0000000081c00000,0x0000000082b6b460,0x0000000087180000)
 Metaspace       used 11181K, capacity 11404K, committed 11648K, reserved 1058816K
  class space    used 1280K, capacity 1351K, committed 1408K, reserved 1048576K
}
Event: 5.038 GC heap before
{Heap before GC invocations=2 (full 0):
 PSYoungGen      total 38400K, used 36855K [0x00000000d5f00000, 0x00000000d8980000, 0x0000000100000000)
  eden space 33280K, 100% used [0x00000000d5f00000,0x00000000d7f80000,0x00000000d7f80000)
  from space 5120K, 69% used [0x00000000d7f80000,0x00000000d82fde50,0x00000000d8480000)
  to   space 5120K, 0% used [0x00000000d8480000,0x00000000d8480000,0x00000000d8980000)
 ParOldGen       total 87552K, used 15789K [0x0000000081c00000, 0x0000000087180000, 0x00000000d5f00000)
  object space 87552K, 18% used [0x0000000081c00000,0x0000000082b6b460,0x0000000087180000)
 Metaspace       used 11767K, capacity 11980K, committed 12288K, reserved 1060864K
  class space    used 1345K, capacity 1415K, committed 1536K, reserved 1048576K
Event: 5.053 GC heap after
Heap after GC invocations=2 (full 0):
 PSYoungGen      total 38400K, used 5108K [0x00000000d5f00000, 0x00000000d8980000, 0x0000000100000000)
  eden space 33280K, 0% used [0x00000000d5f00000,0x00000000d5f00000,0x00000000d7f80000)
  from space 5120K, 99% used [0x00000000d8480000,0x00000000d897d378,0x00000000d8980000)
  to   space 5120K, 0% used [0x00000000d7f80000,0x00000000d7f80000,0x00000000d8480000)
 ParOldGen       total 87552K, used 41945K [0x0000000081c00000, 0x0000000087180000, 0x00000000d5f00000)
  object space 87552K, 47% used [0x0000000081c00000,0x00000000844f6538,0x0000000087180000)
 Metaspace       used 11767K, capacity 11980K, committed 12288K, reserved 1060864K
  class space    used 1345K, capacity 1415K, committed 1536K, reserved 1048576K
}

