# JRE version: Java(TM) SE Runtime Environment (8.0_251-b08) (build 1.8.0_251-b08)
# Java VM: Java HotSpot(TM) 64-Bit Server VM (25.251-b08 mixed mode windows-amd64 compressed oops)
Heap:
 PSYoungGen      total 75264K, used 43976K [0x00000000d5f00000, 0x00000000dcc80000, 0x0000000100000000)
  eden space 49664K, 44% used [0x00000000d5f00000,0x00000000d7483220,0x00000000d8f80000)
  from space 25600K, 85% used [0x00000000dab80000,0x00000000dc0eee10,0x00000000dc480000)
  to   space 28672K, 0% used [0x00000000d8f80000,0x00000000d8f80000,0x00000000dab80000)
 ParOldGen       total 75264K, used 40954K [0x0000000081c00000, 0x0000000086580000, 0x00000000d5f00000)
  object space 75264K, 54% used [0x0000000081c00000,0x00000000843fea40,0x0000000086580000)
 Metaspace       used 26174K, capacity 26974K, committed 27264K, reserved 1073152K
  class space    used 3255K, capacity 3443K, committed 3456K, reserved 1048576K
GC Heap History (10 events):
Event: 19.787 GC heap before
{Heap before GC invocations=5 (full 1):
 PSYoungGen      total 38400K, used 5090K [0x00000000d5f00000, 0x00000000d8980000, 0x0000000100000000)
  eden space 33280K, 0% used [0x00000000d5f00000,0x00000000d5f00000,0x00000000d7f80000)
  from space 5120K, 99% used [0x00000000d8480000,0x00000000d8978bd8,0x00000000d8980000)
  to   space 5120K, 0% used [0x00000000d7f80000,0x00000000d7f80000,0x00000000d8480000)
 ParOldGen       total 87552K, used 25849K [0x0000000081c00000, 0x0000000087180000, 0x00000000d5f00000)
  object space 87552K, 29% used [0x0000000081c00000,0x000000008353e4a0,0x0000000087180000)
 Metaspace       used 20416K, capacity 21194K, committed 21296K, reserved 1067008K
  class space    used 2670K, capacity 2887K, committed 2944K, reserved 1048576K
Event: 19.846 GC heap after
Heap after GC invocations=5 (full 1):
 PSYoungGen      total 38400K, used 0K [0x00000000d5f00000, 0x00000000d8980000, 0x0000000100000000)
  eden space 33280K, 0% used [0x00000000d5f00000,0x00000000d5f00000,0x00000000d7f80000)
  from space 5120K, 0% used [0x00000000d8480000,0x00000000d8480000,0x00000000d8980000)
  to   space 5120K, 0% used [0x00000000d7f80000,0x00000000d7f80000,0x00000000d8480000)
 ParOldGen       total 75264K, used 24538K [0x0000000081c00000, 0x0000000086580000, 0x00000000d5f00000)
  object space 75264K, 32% used [0x0000000081c00000,0x00000000833f6a00,0x0000000086580000)
 Metaspace       used 20416K, capacity 21194K, committed 21296K, reserved 1067008K
  class space    used 2670K, capacity 2887K, committed 2944K, reserved 1048576K
}
Event: 37.488 GC heap before
{Heap before GC invocations=6 (full 1):
 PSYoungGen      total 38400K, used 31381K [0x00000000d5f00000, 0x00000000d8980000, 0x0000000100000000)
  eden space 33280K, 94% used [0x00000000d5f00000,0x00000000d7da5518,0x00000000d7f80000)
  from space 5120K, 0% used [0x00000000d8480000,0x00000000d8480000,0x00000000d8980000)
  to   space 5120K, 0% used [0x00000000d7f80000,0x00000000d7f80000,0x00000000d8480000)
 ParOldGen       total 75264K, used 24538K [0x0000000081c00000, 0x0000000086580000, 0x00000000d5f00000)
  object space 75264K, 32% used [0x0000000081c00000,0x00000000833f6a00,0x0000000086580000)
 Metaspace       used 25585K, capacity 26430K, committed 26752K, reserved 1073152K
  class space    used 3196K, capacity 3411K, committed 3456K, reserved 1048576K
Event: 37.494 GC heap after
Heap after GC invocations=6 (full 1):
 PSYoungGen      total 37888K, used 4587K [0x00000000d5f00000, 0x00000000dab00000, 0x0000000100000000)
  eden space 32768K, 0% used [0x00000000d5f00000,0x00000000d5f00000,0x00000000d7f00000)
  from space 5120K, 89% used [0x00000000d7f80000,0x00000000d83fac80,0x00000000d8480000)
  to   space 22528K, 0% used [0x00000000d9500000,0x00000000d9500000,0x00000000dab00000)
 ParOldGen       total 75264K, used 24546K [0x0000000081c00000, 0x0000000086580000, 0x00000000d5f00000)
  object space 75264K, 32% used [0x0000000081c00000,0x00000000833f8a00,0x0000000086580000)
 Metaspace       used 25585K, capacity 26430K, committed 26752K, reserved 1073152K
  class space    used 3196K, capacity 3411K, committed 3456K, reserved 1048576K
}
Event: 37.715 GC heap before
{Heap before GC invocations=7 (full 1):
 PSYoungGen      total 37888K, used 37355K [0x00000000d5f00000, 0x00000000dab00000, 0x0000000100000000)
  eden space 32768K, 100% used [0x00000000d5f00000,0x00000000d7f00000,0x00000000d7f00000)
  from space 5120K, 89% used [0x00000000d7f80000,0x00000000d83fac80,0x00000000d8480000)
  to   space 22528K, 0% used [0x00000000d9500000,0x00000000d9500000,0x00000000dab00000)
 ParOldGen       total 75264K, used 24546K [0x0000000081c00000, 0x0000000086580000, 0x00000000d5f00000)
  object space 75264K, 32% used [0x0000000081c00000,0x00000000833f8a00,0x0000000086580000)
 Metaspace       used 26014K, capacity 26782K, committed 27008K, reserved 1073152K
  class space    used 3242K, capacity 3443K, committed 3456K, reserved 1048576K
Event: 37.737 GC heap after
Heap after GC invocations=7 (full 1):
 PSYoungGen      total 50688K, used 21866K [0x00000000d5f00000, 0x00000000dd100000, 0x0000000100000000)
  eden space 28160K, 0% used [0x00000000d5f00000,0x00000000d5f00000,0x00000000d7a80000)
  from space 22528K, 97% used [0x00000000d9500000,0x00000000daa5abe0,0x00000000dab00000)
  to   space 27136K, 0% used [0x00000000d7a80000,0x00000000d7a80000,0x00000000d9500000)
 ParOldGen       total 75264K, used 28652K [0x0000000081c00000, 0x0000000086580000, 0x00000000d5f00000)
  object space 75264K, 38% used [0x0000000081c00000,0x00000000837fb210,0x0000000086580000)
 Metaspace       used 26014K, capacity 26782K, committed 27008K, reserved 1073152K
  class space    used 3242K, capacity 3443K, committed 3456K, reserved 1048576K
}
Event: 39.603 GC heap before
{Heap before GC invocations=8 (full 1):
 PSYoungGen      total 50688K, used 50026K [0x00000000d5f00000, 0x00000000dd100000, 0x0000000100000000)
  eden space 28160K, 100% used [0x00000000d5f00000,0x00000000d7a80000,0x00000000d7a80000)
  from space 22528K, 97% used [0x00000000d9500000,0x00000000daa5abe0,0x00000000dab00000)
  to   space 27136K, 0% used [0x00000000d7a80000,0x00000000d7a80000,0x00000000d9500000)
 ParOldGen       total 75264K, used 28652K [0x0000000081c00000, 0x0000000086580000, 0x00000000d5f00000)
  object space 75264K, 38% used [0x0000000081c00000,0x00000000837fb210,0x0000000086580000)
 Metaspace       used 26145K, capacity 26910K, committed 27264K, reserved 1073152K
  class space    used 3254K, capacity 3443K, committed 3456K, reserved 1048576K
Event: 39.607 GC heap after
Heap after GC invocations=8 (full 1):
 PSYoungGen      total 55296K, used 13854K [0x00000000d5f00000, 0x00000000dc480000, 0x0000000100000000)
  eden space 28160K, 0% used [0x00000000d5f00000,0x00000000d5f00000,0x00000000d7a80000)
  from space 27136K, 51% used [0x00000000d7a80000,0x00000000d8807ba8,0x00000000d9500000)
  to   space 25600K, 0% used [0x00000000dab80000,0x00000000dab80000,0x00000000dc480000)
 ParOldGen       total 75264K, used 28652K [0x0000000081c00000, 0x0000000086580000, 0x00000000d5f00000)
  object space 75264K, 38% used [0x0000000081c00000,0x00000000837fb210,0x0000000086580000)
 Metaspace       used 26145K, capacity 26910K, committed 27264K, reserved 1073152K
  class space    used 3254K, capacity 3443K, committed 3456K, reserved 1048576K
}
Event: 39.724 GC heap before
{Heap before GC invocations=9 (full 1):
 PSYoungGen      total 55296K, used 42014K [0x00000000d5f00000, 0x00000000dc480000, 0x0000000100000000)
  eden space 28160K, 100% used [0x00000000d5f00000,0x00000000d7a80000,0x00000000d7a80000)
  from space 27136K, 51% used [0x00000000d7a80000,0x00000000d8807ba8,0x00000000d9500000)
  to   space 25600K, 0% used [0x00000000dab80000,0x00000000dab80000,0x00000000dc480000)
 ParOldGen       total 75264K, used 28652K [0x0000000081c00000, 0x0000000086580000, 0x00000000d5f00000)
  object space 75264K, 38% used [0x0000000081c00000,0x00000000837fb210,0x0000000086580000)
 Metaspace       used 26146K, capacity 26910K, committed 27264K, reserved 1073152K
  class space    used 3254K, capacity 3443K, committed 3456K, reserved 1048576K
Event: 39.737 GC heap after
Heap after GC invocations=9 (full 1):
 PSYoungGen      total 75264K, used 21947K [0x00000000d5f00000, 0x00000000dcc80000, 0x0000000100000000)
  eden space 49664K, 0% used [0x00000000d5f00000,0x00000000d5f00000,0x00000000d8f80000)
  from space 25600K, 85% used [0x00000000dab80000,0x00000000dc0eee10,0x00000000dc480000)
  to   space 28672K, 0% used [0x00000000d8f80000,0x00000000d8f80000,0x00000000dab80000)
 ParOldGen       total 75264K, used 40954K [0x0000000081c00000, 0x0000000086580000, 0x00000000d5f00000)
  object space 75264K, 54% used [0x0000000081c00000,0x00000000843fea40,0x0000000086580000)
 Metaspace       used 26146K, capacity 26910K, committed 27264K, reserved 1073152K
  class space    used 3254K, capacity 3443K, committed 3456K, reserved 1048576K
}

