# JRE version: Java(TM) SE Runtime Environment (8.0_251-b08) (build 1.8.0_251-b08)
# Java VM: Java HotSpot(TM) 64-Bit Server VM (25.251-b08 mixed mode windows-amd64 compressed oops)
Heap:
 PSYoungGen      total 81920K, used 26614K [0x00000000d5f00000, 0x00000000dd100000, 0x0000000100000000)
  eden space 51200K, 18% used [0x00000000d5f00000,0x00000000d68337d8,0x00000000d9100000)
  from space 30720K, 55% used [0x00000000dae00000,0x00000000dbeca040,0x00000000dcc00000)
  to   space 29696K, 0% used [0x00000000d9100000,0x00000000d9100000,0x00000000dae00000)
 ParOldGen       total 90112K, used 46180K [0x0000000081c00000, 0x0000000087400000, 0x00000000d5f00000)
  object space 90112K, 51% used [0x0000000081c00000,0x0000000084919360,0x0000000087400000)
 Metaspace       used 24599K, capacity 25422K, committed 25600K, reserved 1071104K
  class space    used 3093K, capacity 3313K, committed 3328K, reserved 1048576K
GC Heap History (10 events):
Event: 6.796 GC heap before
{Heap before GC invocations=3 (full 0):
 PSYoungGen      total 38400K, used 38386K [0x00000000d5f00000, 0x00000000daa00000, 0x0000000100000000)
  eden space 33280K, 100% used [0x00000000d5f00000,0x00000000d7f80000,0x00000000d7f80000)
  from space 5120K, 99% used [0x00000000d8480000,0x00000000d897cba8,0x00000000d8980000)
  to   space 5120K, 0% used [0x00000000d7f80000,0x00000000d7f80000,0x00000000d8480000)
 ParOldGen       total 87552K, used 4042K [0x0000000081c00000, 0x0000000087180000, 0x00000000d5f00000)
  object space 87552K, 4% used [0x0000000081c00000,0x0000000081ff2a10,0x0000000087180000)
 Metaspace       used 19421K, capacity 20124K, committed 20480K, reserved 1067008K
  class space    used 2510K, capacity 2706K, committed 2816K, reserved 1048576K
Event: 6.808 GC heap after
Heap after GC invocations=3 (full 0):
 PSYoungGen      total 38400K, used 5090K [0x00000000d5f00000, 0x00000000d8980000, 0x0000000100000000)
  eden space 33280K, 0% used [0x00000000d5f00000,0x00000000d5f00000,0x00000000d7f80000)
  from space 5120K, 99% used [0x00000000d7f80000,0x00000000d8478ba8,0x00000000d8480000)
  to   space 5120K, 0% used [0x00000000d8480000,0x00000000d8480000,0x00000000d8980000)
 ParOldGen       total 87552K, used 7845K [0x0000000081c00000, 0x0000000087180000, 0x00000000d5f00000)
  object space 87552K, 8% used [0x0000000081c00000,0x00000000823a95e8,0x0000000087180000)
 Metaspace       used 19421K, capacity 20124K, committed 20480K, reserved 1067008K
  class space    used 2510K, capacity 2706K, committed 2816K, reserved 1048576K
}
Event: 16.723 GC heap before
{Heap before GC invocations=4 (full 0):
 PSYoungGen      total 38400K, used 32429K [0x00000000d5f00000, 0x00000000d8980000, 0x0000000100000000)
  eden space 33280K, 82% used [0x00000000d5f00000,0x00000000d79b2930,0x00000000d7f80000)
  from space 5120K, 99% used [0x00000000d7f80000,0x00000000d8478ba8,0x00000000d8480000)
  to   space 5120K, 0% used [0x00000000d8480000,0x00000000d8480000,0x00000000d8980000)
 ParOldGen       total 87552K, used 7845K [0x0000000081c00000, 0x0000000087180000, 0x00000000d5f00000)
  object space 87552K, 8% used [0x0000000081c00000,0x00000000823a95e8,0x0000000087180000)
 Metaspace       used 20415K, capacity 21194K, committed 21296K, reserved 1067008K
  class space    used 2661K, capacity 2887K, committed 2944K, reserved 1048576K
Event: 16.742 GC heap after
Heap after GC invocations=4 (full 0):
 PSYoungGen      total 38400K, used 5088K [0x00000000d5f00000, 0x00000000d8980000, 0x0000000100000000)
  eden space 33280K, 0% used [0x00000000d5f00000,0x00000000d5f00000,0x00000000d7f80000)
  from space 5120K, 99% used [0x00000000d8480000,0x00000000d8978030,0x00000000d8980000)
  to   space 5120K, 0% used [0x00000000d7f80000,0x00000000d7f80000,0x00000000d8480000)
 ParOldGen       total 87552K, used 25844K [0x0000000081c00000, 0x0000000087180000, 0x00000000d5f00000)
  object space 87552K, 29% used [0x0000000081c00000,0x000000008353d060,0x0000000087180000)
 Metaspace       used 20415K, capacity 21194K, committed 21296K, reserved 1067008K
  class space    used 2661K, capacity 2887K, committed 2944K, reserved 1048576K
}
Event: 16.742 GC heap before
{Heap before GC invocations=5 (full 1):
 PSYoungGen      total 38400K, used 5088K [0x00000000d5f00000, 0x00000000d8980000, 0x0000000100000000)
  eden space 33280K, 0% used [0x00000000d5f00000,0x00000000d5f00000,0x00000000d7f80000)
  from space 5120K, 99% used [0x00000000d8480000,0x00000000d8978030,0x00000000d8980000)
  to   space 5120K, 0% used [0x00000000d7f80000,0x00000000d7f80000,0x00000000d8480000)
 ParOldGen       total 87552K, used 25844K [0x0000000081c00000, 0x0000000087180000, 0x00000000d5f00000)
  object space 87552K, 29% used [0x0000000081c00000,0x000000008353d060,0x0000000087180000)
 Metaspace       used 20415K, capacity 21194K, committed 21296K, reserved 1067008K
  class space    used 2661K, capacity 2887K, committed 2944K, reserved 1048576K
Event: 16.831 GC heap after
Heap after GC invocations=5 (full 1):
 PSYoungGen      total 38400K, used 0K [0x00000000d5f00000, 0x00000000d8980000, 0x0000000100000000)
  eden space 33280K, 0% used [0x00000000d5f00000,0x00000000d5f00000,0x00000000d7f80000)
  from space 5120K, 0% used [0x00000000d8480000,0x00000000d8480000,0x00000000d8980000)
  to   space 5120K, 0% used [0x00000000d7f80000,0x00000000d7f80000,0x00000000d8480000)
 ParOldGen       total 90112K, used 24523K [0x0000000081c00000, 0x0000000087400000, 0x00000000d5f00000)
  object space 90112K, 27% used [0x0000000081c00000,0x00000000833f2d10,0x0000000087400000)
 Metaspace       used 20415K, capacity 21194K, committed 21296K, reserved 1067008K
  class space    used 2661K, capacity 2887K, committed 2944K, reserved 1048576K
}
Event: 30.454 GC heap before
{Heap before GC invocations=6 (full 1):
 PSYoungGen      total 38400K, used 30928K [0x00000000d5f00000, 0x00000000d8980000, 0x0000000100000000)
  eden space 33280K, 92% used [0x00000000d5f00000,0x00000000d7d34288,0x00000000d7f80000)
  from space 5120K, 0% used [0x00000000d8480000,0x00000000d8480000,0x00000000d8980000)
  to   space 5120K, 0% used [0x00000000d7f80000,0x00000000d7f80000,0x00000000d8480000)
 ParOldGen       total 90112K, used 24523K [0x0000000081c00000, 0x0000000087400000, 0x00000000d5f00000)
  object space 90112K, 27% used [0x0000000081c00000,0x00000000833f2d10,0x0000000087400000)
 Metaspace       used 24525K, capacity 25358K, committed 25600K, reserved 1071104K
  class space    used 3086K, capacity 3313K, committed 3328K, reserved 1048576K
Event: 30.464 GC heap after
Heap after GC invocations=6 (full 1):
 PSYoungGen      total 38400K, used 5090K [0x00000000d5f00000, 0x00000000dcc00000, 0x0000000100000000)
  eden space 33280K, 0% used [0x00000000d5f00000,0x00000000d5f00000,0x00000000d7f80000)
  from space 5120K, 99% used [0x00000000d7f80000,0x00000000d8478810,0x00000000d8480000)
  to   space 30720K, 0% used [0x00000000dae00000,0x00000000dae00000,0x00000000dcc00000)
 ParOldGen       total 90112K, used 46172K [0x0000000081c00000, 0x0000000087400000, 0x00000000d5f00000)
  object space 90112K, 51% used [0x0000000081c00000,0x0000000084917360,0x0000000087400000)
 Metaspace       used 24525K, capacity 25358K, committed 25600K, reserved 1071104K
  class space    used 3086K, capacity 3313K, committed 3328K, reserved 1048576K
}
Event: 30.657 GC heap before
{Heap before GC invocations=7 (full 1):
 PSYoungGen      total 38400K, used 38370K [0x00000000d5f00000, 0x00000000dcc00000, 0x0000000100000000)
  eden space 33280K, 100% used [0x00000000d5f00000,0x00000000d7f80000,0x00000000d7f80000)
  from space 5120K, 99% used [0x00000000d7f80000,0x00000000d8478810,0x00000000d8480000)
  to   space 30720K, 0% used [0x00000000dae00000,0x00000000dae00000,0x00000000dcc00000)
 ParOldGen       total 90112K, used 46172K [0x0000000081c00000, 0x0000000087400000, 0x00000000d5f00000)
  object space 90112K, 51% used [0x0000000081c00000,0x0000000084917360,0x0000000087400000)
 Metaspace       used 24555K, capacity 25422K, committed 25600K, reserved 1071104K
  class space    used 3087K, capacity 3313K, committed 3328K, reserved 1048576K
Event: 30.664 GC heap after
Heap after GC invocations=7 (full 1):
 PSYoungGen      total 81920K, used 17192K [0x00000000d5f00000, 0x00000000dd100000, 0x0000000100000000)
  eden space 51200K, 0% used [0x00000000d5f00000,0x00000000d5f00000,0x00000000d9100000)
  from space 30720K, 55% used [0x00000000dae00000,0x00000000dbeca040,0x00000000dcc00000)
  to   space 29696K, 0% used [0x00000000d9100000,0x00000000d9100000,0x00000000dae00000)
 ParOldGen       total 90112K, used 46180K [0x0000000081c00000, 0x0000000087400000, 0x00000000d5f00000)
  object space 90112K, 51% used [0x0000000081c00000,0x0000000084919360,0x0000000087400000)
 Metaspace       used 24555K, capacity 25422K, committed 25600K, reserved 1071104K
  class space    used 3087K, capacity 3313K, committed 3328K, reserved 1048576K
}

