# JRE version: Java(TM) SE Runtime Environment (8.0_251-b08) (build 1.8.0_251-b08)
# Java VM: Java HotSpot(TM) 64-Bit Server VM (25.251-b08 mixed mode windows-amd64 compressed oops)
Heap:
 PSYoungGen      total 74752K, used 19895K [0x00000000d5f00000, 0x00000000dc480000, 0x0000000100000000)
  eden space 53248K, 37% used [0x00000000d5f00000,0x00000000d726de58,0x00000000d9300000)
  from space 21504K, 0% used [0x00000000da900000,0x00000000da900000,0x00000000dbe00000)
  to   space 22528K, 0% used [0x00000000d9300000,0x00000000d9300000,0x00000000da900000)
 ParOldGen       total 98304K, used 42182K [0x0000000081c00000, 0x0000000087c00000, 0x00000000d5f00000)
  object space 98304K, 42% used [0x0000000081c00000,0x00000000845318c8,0x0000000087c00000)
 Metaspace       used 26122K, capacity 26910K, committed 27264K, reserved 1073152K
  class space    used 3250K, capacity 3443K, committed 3456K, reserved 1048576K
GC Heap History (10 events):
Event: 54.621 GC heap before
{Heap before GC invocations=6 (full 1):
 PSYoungGen      total 38400K, used 31064K [0x00000000d5f00000, 0x00000000d8980000, 0x0000000100000000)
  eden space 33280K, 93% used [0x00000000d5f00000,0x00000000d7d561e0,0x00000000d7f80000)
  from space 5120K, 0% used [0x00000000d8480000,0x00000000d8480000,0x00000000d8980000)
  to   space 5120K, 0% used [0x00000000d7f80000,0x00000000d7f80000,0x00000000d8480000)
 ParOldGen       total 75264K, used 24517K [0x0000000081c00000, 0x0000000086580000, 0x00000000d5f00000)
  object space 75264K, 32% used [0x0000000081c00000,0x00000000833f16e0,0x0000000086580000)
 Metaspace       used 25604K, capacity 26430K, committed 26752K, reserved 1073152K
  class space    used 3194K, capacity 3411K, committed 3456K, reserved 1048576K
Event: 54.634 GC heap after
Heap after GC invocations=6 (full 1):
 PSYoungGen      total 37888K, used 5111K [0x00000000d5f00000, 0x00000000da700000, 0x0000000100000000)
  eden space 32768K, 0% used [0x00000000d5f00000,0x00000000d5f00000,0x00000000d7f00000)
  from space 5120K, 99% used [0x00000000d7f80000,0x00000000d847dd98,0x00000000d8480000)
  to   space 20480K, 0% used [0x00000000d9300000,0x00000000d9300000,0x00000000da700000)
 ParOldGen       total 75264K, used 31293K [0x0000000081c00000, 0x0000000086580000, 0x00000000d5f00000)
  object space 75264K, 41% used [0x0000000081c00000,0x0000000083a8f460,0x0000000086580000)
 Metaspace       used 25604K, capacity 26430K, committed 26752K, reserved 1073152K
  class space    used 3194K, capacity 3411K, committed 3456K, reserved 1048576K
}
Event: 54.985 GC heap before
{Heap before GC invocations=7 (full 1):
 PSYoungGen      total 37888K, used 37879K [0x00000000d5f00000, 0x00000000da700000, 0x0000000100000000)
  eden space 32768K, 100% used [0x00000000d5f00000,0x00000000d7f00000,0x00000000d7f00000)
  from space 5120K, 99% used [0x00000000d7f80000,0x00000000d847dd98,0x00000000d8480000)
  to   space 20480K, 0% used [0x00000000d9300000,0x00000000d9300000,0x00000000da700000)
 ParOldGen       total 75264K, used 31293K [0x0000000081c00000, 0x0000000086580000, 0x00000000d5f00000)
  object space 75264K, 41% used [0x0000000081c00000,0x0000000083a8f460,0x0000000086580000)
 Metaspace       used 25971K, capacity 26782K, committed 27008K, reserved 1073152K
  class space    used 3237K, capacity 3443K, committed 3456K, reserved 1048576K
Event: 55.001 GC heap after
Heap after GC invocations=7 (full 1):
 PSYoungGen      total 51200K, used 17484K [0x00000000d5f00000, 0x00000000dc480000, 0x0000000100000000)
  eden space 30720K, 0% used [0x00000000d5f00000,0x00000000d5f00000,0x00000000d7d00000)
  from space 20480K, 85% used [0x00000000d9300000,0x00000000da413398,0x00000000da700000)
  to   space 22528K, 0% used [0x00000000d7d00000,0x00000000d7d00000,0x00000000d9300000)
 ParOldGen       total 75264K, used 39497K [0x0000000081c00000, 0x0000000086580000, 0x00000000d5f00000)
  object space 75264K, 52% used [0x0000000081c00000,0x0000000084292480,0x0000000086580000)
 Metaspace       used 25971K, capacity 26782K, committed 27008K, reserved 1073152K
  class space    used 3237K, capacity 3443K, committed 3456K, reserved 1048576K
}
Event: 56.667 GC heap before
{Heap before GC invocations=8 (full 1):
 PSYoungGen      total 51200K, used 45749K [0x00000000d5f00000, 0x00000000dc480000, 0x0000000100000000)
  eden space 30720K, 92% used [0x00000000d5f00000,0x00000000d7a9a328,0x00000000d7d00000)
  from space 20480K, 85% used [0x00000000d9300000,0x00000000da413398,0x00000000da700000)
  to   space 22528K, 0% used [0x00000000d7d00000,0x00000000d7d00000,0x00000000d9300000)
 ParOldGen       total 75264K, used 39497K [0x0000000081c00000, 0x0000000086580000, 0x00000000d5f00000)
  object space 75264K, 52% used [0x0000000081c00000,0x0000000084292480,0x0000000086580000)
 Metaspace       used 26113K, capacity 26846K, committed 27008K, reserved 1073152K
  class space    used 3249K, capacity 3443K, committed 3456K, reserved 1048576K
Event: 56.677 GC heap after
Heap after GC invocations=8 (full 1):
 PSYoungGen      total 53248K, used 13554K [0x00000000d5f00000, 0x00000000dbe00000, 0x0000000100000000)
  eden space 30720K, 0% used [0x00000000d5f00000,0x00000000d5f00000,0x00000000d7d00000)
  from space 22528K, 60% used [0x00000000d7d00000,0x00000000d8a3c940,0x00000000d9300000)
  to   space 21504K, 0% used [0x00000000da900000,0x00000000da900000,0x00000000dbe00000)
 ParOldGen       total 75264K, used 39505K [0x0000000081c00000, 0x0000000086580000, 0x00000000d5f00000)
  object space 75264K, 52% used [0x0000000081c00000,0x0000000084294480,0x0000000086580000)
 Metaspace       used 26113K, capacity 26846K, committed 27008K, reserved 1073152K
  class space    used 3249K, capacity 3443K, committed 3456K, reserved 1048576K
}
Event: 56.764 GC heap before
{Heap before GC invocations=9 (full 1):
 PSYoungGen      total 53248K, used 44274K [0x00000000d5f00000, 0x00000000dbe00000, 0x0000000100000000)
  eden space 30720K, 100% used [0x00000000d5f00000,0x00000000d7d00000,0x00000000d7d00000)
  from space 22528K, 60% used [0x00000000d7d00000,0x00000000d8a3c940,0x00000000d9300000)
  to   space 21504K, 0% used [0x00000000da900000,0x00000000da900000,0x00000000dbe00000)
 ParOldGen       total 75264K, used 39505K [0x0000000081c00000, 0x0000000086580000, 0x00000000d5f00000)
  object space 75264K, 52% used [0x0000000081c00000,0x0000000084294480,0x0000000086580000)
 Metaspace       used 26114K, capacity 26846K, committed 27008K, reserved 1073152K
  class space    used 3249K, capacity 3443K, committed 3456K, reserved 1048576K
Event: 56.776 GC heap after
Heap after GC invocations=9 (full 1):
 PSYoungGen      total 74752K, used 17644K [0x00000000d5f00000, 0x00000000dc480000, 0x0000000100000000)
  eden space 53248K, 0% used [0x00000000d5f00000,0x00000000d5f00000,0x00000000d9300000)
  from space 21504K, 82% used [0x00000000da900000,0x00000000dba3b398,0x00000000dbe00000)
  to   space 22528K, 0% used [0x00000000d9300000,0x00000000d9300000,0x00000000da900000)
 ParOldGen       total 75264K, used 59995K [0x0000000081c00000, 0x0000000086580000, 0x00000000d5f00000)
  object space 75264K, 79% used [0x0000000081c00000,0x0000000085696cd0,0x0000000086580000)
 Metaspace       used 26114K, capacity 26846K, committed 27008K, reserved 1073152K
  class space    used 3249K, capacity 3443K, committed 3456K, reserved 1048576K
}
Event: 56.776 GC heap before
{Heap before GC invocations=10 (full 2):
 PSYoungGen      total 74752K, used 17644K [0x00000000d5f00000, 0x00000000dc480000, 0x0000000100000000)
  eden space 53248K, 0% used [0x00000000d5f00000,0x00000000d5f00000,0x00000000d9300000)
  from space 21504K, 82% used [0x00000000da900000,0x00000000dba3b398,0x00000000dbe00000)
  to   space 22528K, 0% used [0x00000000d9300000,0x00000000d9300000,0x00000000da900000)
 ParOldGen       total 75264K, used 59995K [0x0000000081c00000, 0x0000000086580000, 0x00000000d5f00000)
  object space 75264K, 79% used [0x0000000081c00000,0x0000000085696cd0,0x0000000086580000)
 Metaspace       used 26114K, capacity 26846K, committed 27008K, reserved 1073152K
  class space    used 3249K, capacity 3443K, committed 3456K, reserved 1048576K
Event: 56.809 GC heap after
Heap after GC invocations=10 (full 2):
 PSYoungGen      total 74752K, used 0K [0x00000000d5f00000, 0x00000000dc480000, 0x0000000100000000)
  eden space 53248K, 0% used [0x00000000d5f00000,0x00000000d5f00000,0x00000000d9300000)
  from space 21504K, 0% used [0x00000000da900000,0x00000000da900000,0x00000000dbe00000)
  to   space 22528K, 0% used [0x00000000d9300000,0x00000000d9300000,0x00000000da900000)
 ParOldGen       total 98304K, used 42182K [0x0000000081c00000, 0x0000000087c00000, 0x00000000d5f00000)
  object space 98304K, 42% used [0x0000000081c00000,0x00000000845318c8,0x0000000087c00000)
 Metaspace       used 26114K, capacity 26846K, committed 27008K, reserved 1073152K
  class space    used 3249K, capacity 3443K, committed 3456K, reserved 1048576K
}

