# JRE version: Java(TM) SE Runtime Environment (8.0_251-b08) (build 1.8.0_251-b08)
# Java VM: Java HotSpot(TM) 64-Bit Server VM (25.251-b08 mixed mode windows-amd64 compressed oops)
Heap:
 PSYoungGen      total 71680K, used 50001K [0x00000000d5f00000, 0x00000000dd280000, 0x0000000100000000)
  eden space 66560K, 75% used [0x00000000d5f00000,0x00000000d8fd44a0,0x00000000da000000)
  from space 5120K, 0% used [0x00000000da500000,0x00000000da500000,0x00000000daa00000)
  to   space 5120K, 0% used [0x00000000da000000,0x00000000da000000,0x00000000da500000)
 ParOldGen       total 146432K, used 42308K [0x0000000081c00000, 0x000000008ab00000, 0x00000000d5f00000)
  object space 146432K, 28% used [0x0000000081c00000,0x00000000845511e8,0x000000008ab00000)
 Metaspace       used 24691K, capacity 25518K, committed 25984K, reserved 1071104K
  class space    used 3110K, capacity 3345K, committed 3456K, reserved 1048576K
GC Heap History (10 events):
Event: 9.192 GC heap before
{Heap before GC invocations=2 (full 0):
 PSYoungGen      total 38400K, used 38390K [0x00000000d5f00000, 0x00000000daa00000, 0x0000000100000000)
  eden space 33280K, 100% used [0x00000000d5f00000,0x00000000d7f80000,0x00000000d7f80000)
  from space 5120K, 99% used [0x00000000d7f80000,0x00000000d847dbc8,0x00000000d8480000)
  to   space 5120K, 0% used [0x00000000da500000,0x00000000da500000,0x00000000daa00000)
 ParOldGen       total 87552K, used 511K [0x0000000081c00000, 0x0000000087180000, 0x00000000d5f00000)
  object space 87552K, 0% used [0x0000000081c00000,0x0000000081c7fd60,0x0000000087180000)
 Metaspace       used 14562K, capacity 14854K, committed 14976K, reserved 1062912K
  class space    used 1779K, capacity 1893K, committed 1920K, reserved 1048576K
Event: 9.208 GC heap after
Heap after GC invocations=2 (full 0):
 PSYoungGen      total 71680K, used 5088K [0x00000000d5f00000, 0x00000000daa00000, 0x0000000100000000)
  eden space 66560K, 0% used [0x00000000d5f00000,0x00000000d5f00000,0x00000000da000000)
  from space 5120K, 99% used [0x00000000da500000,0x00000000da9f8040,0x00000000daa00000)
  to   space 5120K, 0% used [0x00000000da000000,0x00000000da000000,0x00000000da500000)
 ParOldGen       total 87552K, used 4066K [0x0000000081c00000, 0x0000000087180000, 0x00000000d5f00000)
  object space 87552K, 4% used [0x0000000081c00000,0x0000000081ff8998,0x0000000087180000)
 Metaspace       used 14562K, capacity 14854K, committed 14976K, reserved 1062912K
  class space    used 1779K, capacity 1893K, committed 1920K, reserved 1048576K
}
Event: 27.390 GC heap before
{Heap before GC invocations=3 (full 0):
 PSYoungGen      total 71680K, used 69092K [0x00000000d5f00000, 0x00000000daa00000, 0x0000000100000000)
  eden space 66560K, 96% used [0x00000000d5f00000,0x00000000d9d811b8,0x00000000da000000)
  from space 5120K, 99% used [0x00000000da500000,0x00000000da9f8040,0x00000000daa00000)
  to   space 5120K, 0% used [0x00000000da000000,0x00000000da000000,0x00000000da500000)
 ParOldGen       total 87552K, used 4066K [0x0000000081c00000, 0x0000000087180000, 0x00000000d5f00000)
  object space 87552K, 4% used [0x0000000081c00000,0x0000000081ff8998,0x0000000087180000)
 Metaspace       used 20439K, capacity 21194K, committed 21296K, reserved 1067008K
  class space    used 2670K, capacity 2887K, committed 2944K, reserved 1048576K
Event: 27.427 GC heap after
Heap after GC invocations=3 (full 0):
 PSYoungGen      total 71680K, used 5104K [0x00000000d5f00000, 0x00000000daa00000, 0x0000000100000000)
  eden space 66560K, 0% used [0x00000000d5f00000,0x00000000d5f00000,0x00000000da000000)
  from space 5120K, 99% used [0x00000000da000000,0x00000000da4fc040,0x00000000da500000)
  to   space 5120K, 0% used [0x00000000da500000,0x00000000da500000,0x00000000daa00000)
 ParOldGen       total 87552K, used 25812K [0x0000000081c00000, 0x0000000087180000, 0x00000000d5f00000)
  object space 87552K, 29% used [0x0000000081c00000,0x00000000835353a8,0x0000000087180000)
 Metaspace       used 20439K, capacity 21194K, committed 21296K, reserved 1067008K
  class space    used 2670K, capacity 2887K, committed 2944K, reserved 1048576K
}
Event: 27.427 GC heap before
{Heap before GC invocations=4 (full 1):
 PSYoungGen      total 71680K, used 5104K [0x00000000d5f00000, 0x00000000daa00000, 0x0000000100000000)
  eden space 66560K, 0% used [0x00000000d5f00000,0x00000000d5f00000,0x00000000da000000)
  from space 5120K, 99% used [0x00000000da000000,0x00000000da4fc040,0x00000000da500000)
  to   space 5120K, 0% used [0x00000000da500000,0x00000000da500000,0x00000000daa00000)
 ParOldGen       total 87552K, used 25812K [0x0000000081c00000, 0x0000000087180000, 0x00000000d5f00000)
  object space 87552K, 29% used [0x0000000081c00000,0x00000000835353a8,0x0000000087180000)
 Metaspace       used 20439K, capacity 21194K, committed 21296K, reserved 1067008K
  class space    used 2670K, capacity 2887K, committed 2944K, reserved 1048576K
Event: 27.533 GC heap after
Heap after GC invocations=4 (full 1):
 PSYoungGen      total 71680K, used 0K [0x00000000d5f00000, 0x00000000daa00000, 0x0000000100000000)
  eden space 66560K, 0% used [0x00000000d5f00000,0x00000000d5f00000,0x00000000da000000)
  from space 5120K, 0% used [0x00000000da000000,0x00000000da000000,0x00000000da500000)
  to   space 5120K, 0% used [0x00000000da500000,0x00000000da500000,0x00000000daa00000)
 ParOldGen       total 94720K, used 27023K [0x0000000081c00000, 0x0000000087880000, 0x00000000d5f00000)
  object space 94720K, 28% used [0x0000000081c00000,0x0000000083663fe8,0x0000000087880000)
 Metaspace       used 20439K, capacity 21194K, committed 21296K, reserved 1067008K
  class space    used 2670K, capacity 2887K, committed 2944K, reserved 1048576K
}
Event: 38.218 GC heap before
{Heap before GC invocations=5 (full 1):
 PSYoungGen      total 71680K, used 66560K [0x00000000d5f00000, 0x00000000daa00000, 0x0000000100000000)
  eden space 66560K, 100% used [0x00000000d5f00000,0x00000000da000000,0x00000000da000000)
  from space 5120K, 0% used [0x00000000da000000,0x00000000da000000,0x00000000da500000)
  to   space 5120K, 0% used [0x00000000da500000,0x00000000da500000,0x00000000daa00000)
 ParOldGen       total 94720K, used 27023K [0x0000000081c00000, 0x0000000087880000, 0x00000000d5f00000)
  object space 94720K, 28% used [0x0000000081c00000,0x0000000083663fe8,0x0000000087880000)
 Metaspace       used 24566K, capacity 25422K, committed 25600K, reserved 1071104K
  class space    used 3098K, capacity 3313K, committed 3328K, reserved 1048576K
Event: 38.231 GC heap after
Heap after GC invocations=5 (full 1):
 PSYoungGen      total 71680K, used 5094K [0x00000000d5f00000, 0x00000000dd280000, 0x0000000100000000)
  eden space 66560K, 0% used [0x00000000d5f00000,0x00000000d5f00000,0x00000000da000000)
  from space 5120K, 99% used [0x00000000da500000,0x00000000da9f9928,0x00000000daa00000)
  to   space 5120K, 0% used [0x00000000da000000,0x00000000da000000,0x00000000da500000)
 ParOldGen       total 94720K, used 61039K [0x0000000081c00000, 0x0000000087880000, 0x00000000d5f00000)
  object space 94720K, 64% used [0x0000000081c00000,0x000000008579bf60,0x0000000087880000)
 Metaspace       used 24566K, capacity 25422K, committed 25600K, reserved 1071104K
  class space    used 3098K, capacity 3313K, committed 3328K, reserved 1048576K
}
Event: 38.231 GC heap before
{Heap before GC invocations=6 (full 2):
 PSYoungGen      total 71680K, used 5094K [0x00000000d5f00000, 0x00000000dd280000, 0x0000000100000000)
  eden space 66560K, 0% used [0x00000000d5f00000,0x00000000d5f00000,0x00000000da000000)
  from space 5120K, 99% used [0x00000000da500000,0x00000000da9f9928,0x00000000daa00000)
  to   space 5120K, 0% used [0x00000000da000000,0x00000000da000000,0x00000000da500000)
 ParOldGen       total 94720K, used 61039K [0x0000000081c00000, 0x0000000087880000, 0x00000000d5f00000)
  object space 94720K, 64% used [0x0000000081c00000,0x000000008579bf60,0x0000000087880000)
 Metaspace       used 24566K, capacity 25422K, committed 25600K, reserved 1071104K
  class space    used 3098K, capacity 3313K, committed 3328K, reserved 1048576K
Event: 38.288 GC heap after
Heap after GC invocations=6 (full 2):
 PSYoungGen      total 71680K, used 0K [0x00000000d5f00000, 0x00000000dd280000, 0x0000000100000000)
  eden space 66560K, 0% used [0x00000000d5f00000,0x00000000d5f00000,0x00000000da000000)
  from space 5120K, 0% used [0x00000000da500000,0x00000000da500000,0x00000000daa00000)
  to   space 5120K, 0% used [0x00000000da000000,0x00000000da000000,0x00000000da500000)
 ParOldGen       total 146432K, used 42308K [0x0000000081c00000, 0x000000008ab00000, 0x00000000d5f00000)
  object space 146432K, 28% used [0x0000000081c00000,0x00000000845511e8,0x000000008ab00000)
 Metaspace       used 24566K, capacity 25422K, committed 25600K, reserved 1071104K
  class space    used 3098K, capacity 3313K, committed 3328K, reserved 1048576K
}

