# JRE version: Java(TM) SE Runtime Environment (8.0_251-b08) (build 1.8.0_251-b08)
# Java VM: Java HotSpot(TM) 64-Bit Server VM (25.251-b08 mixed mode windows-amd64 compressed oops)
Heap:
 PSYoungGen      total 38400K, used 28755K [0x00000000d5f00000, 0x00000000d8980000, 0x0000000100000000)
  eden space 33280K, 71% used [0x00000000d5f00000,0x00000000d761c500,0x00000000d7f80000)
  from space 5120K, 99% used [0x00000000d8480000,0x00000000d8978810,0x00000000d8980000)
  to   space 5120K, 0% used [0x00000000d7f80000,0x00000000d7f80000,0x00000000d8480000)
 ParOldGen       total 87552K, used 43198K [0x0000000081c00000, 0x0000000087180000, 0x00000000d5f00000)
  object space 87552K, 49% used [0x0000000081c00000,0x000000008462f9d0,0x0000000087180000)
 Metaspace       used 11783K, capacity 11980K, committed 12288K, reserved 1060864K
  class space    used 1347K, capacity 1415K, committed 1536K, reserved 1048576K
GC Heap History (4 events):
Event: 4.539 GC heap before
{Heap before GC invocations=1 (full 0):
 PSYoungGen      total 38400K, used 33280K [0x00000000d5f00000, 0x00000000d8980000, 0x0000000100000000)
  eden space 33280K, 100% used [0x00000000d5f00000,0x00000000d7f80000,0x00000000d7f80000)
  from space 5120K, 0% used [0x00000000d8480000,0x00000000d8480000,0x00000000d8980000)
  to   space 5120K, 0% used [0x00000000d7f80000,0x00000000d7f80000,0x00000000d8480000)
 ParOldGen       total 87552K, used 0K [0x0000000081c00000, 0x0000000087180000, 0x00000000d5f00000)
  object space 87552K, 0% used [0x0000000081c00000,0x0000000081c00000,0x0000000087180000)
 Metaspace       used 11184K, capacity 11404K, committed 11648K, reserved 1058816K
  class space    used 1280K, capacity 1351K, committed 1408K, reserved 1048576K
Event: 4.572 GC heap after
Heap after GC invocations=1 (full 0):
 PSYoungGen      total 38400K, used 5095K [0x00000000d5f00000, 0x00000000d8980000, 0x0000000100000000)
  eden space 33280K, 0% used [0x00000000d5f00000,0x00000000d5f00000,0x00000000d7f80000)
  from space 5120K, 99% used [0x00000000d7f80000,0x00000000d8479d18,0x00000000d8480000)
  to   space 5120K, 0% used [0x00000000d8480000,0x00000000d8480000,0x00000000d8980000)
 ParOldGen       total 87552K, used 14192K [0x0000000081c00000, 0x0000000087180000, 0x00000000d5f00000)
  object space 87552K, 16% used [0x0000000081c00000,0x00000000829dc0e8,0x0000000087180000)
 Metaspace       used 11184K, capacity 11404K, committed 11648K, reserved 1058816K
  class space    used 1280K, capacity 1351K, committed 1408K, reserved 1048576K
}
Event: 6.483 GC heap before
{Heap before GC invocations=2 (full 0):
 PSYoungGen      total 38400K, used 38375K [0x00000000d5f00000, 0x00000000d8980000, 0x0000000100000000)
  eden space 33280K, 100% used [0x00000000d5f00000,0x00000000d7f80000,0x00000000d7f80000)
  from space 5120K, 99% used [0x00000000d7f80000,0x00000000d8479d18,0x00000000d8480000)
  to   space 5120K, 0% used [0x00000000d8480000,0x00000000d8480000,0x00000000d8980000)
 ParOldGen       total 87552K, used 14192K [0x0000000081c00000, 0x0000000087180000, 0x00000000d5f00000)
  object space 87552K, 16% used [0x0000000081c00000,0x00000000829dc0e8,0x0000000087180000)
 Metaspace       used 11766K, capacity 11980K, committed 12288K, reserved 1060864K
  class space    used 1345K, capacity 1415K, committed 1536K, reserved 1048576K
Event: 6.502 GC heap after
Heap after GC invocations=2 (full 0):
 PSYoungGen      total 38400K, used 5090K [0x00000000d5f00000, 0x00000000d8980000, 0x0000000100000000)
  eden space 33280K, 0% used [0x00000000d5f00000,0x00000000d5f00000,0x00000000d7f80000)
  from space 5120K, 99% used [0x00000000d8480000,0x00000000d8978810,0x00000000d8980000)
  to   space 5120K, 0% used [0x00000000d7f80000,0x00000000d7f80000,0x00000000d8480000)
 ParOldGen       total 87552K, used 43198K [0x0000000081c00000, 0x0000000087180000, 0x00000000d5f00000)
  object space 87552K, 49% used [0x0000000081c00000,0x000000008462f9d0,0x0000000087180000)
 Metaspace       used 11766K, capacity 11980K, committed 12288K, reserved 1060864K
  class space    used 1345K, capacity 1415K, committed 1536K, reserved 1048576K
}

