# JRE version: Java(TM) SE Runtime Environment (8.0_251-b08) (build 1.8.0_251-b08)
# Java VM: Java HotSpot(TM) 64-Bit Server VM (25.251-b08 mixed mode windows-amd64 compressed oops)
Heap:
 PSYoungGen      total 64512K, used 22935K [0x00000000d5f00000, 0x00000000dd300000, 0x0000000100000000)
  eden space 33792K, 16% used [0x00000000d5f00000,0x00000000d6493f68,0x00000000d8000000)
  from space 30720K, 56% used [0x00000000d9d00000,0x00000000dadd2040,0x00000000dbb00000)
  to   space 29696K, 0% used [0x00000000d8000000,0x00000000d8000000,0x00000000d9d00000)
 ParOldGen       total 88576K, used 46141K [0x0000000081c00000, 0x0000000087280000, 0x00000000d5f00000)
  object space 88576K, 52% used [0x0000000081c00000,0x000000008490f6f8,0x0000000087280000)
 Metaspace       used 24575K, capacity 25386K, committed 25728K, reserved 1071104K
  class space    used 3104K, capacity 3345K, committed 3456K, reserved 1048576K
GC Heap History (10 events):
Event: 5.977 GC heap before
{Heap before GC invocations=3 (full 0):
 PSYoungGen      total 38400K, used 38368K [0x00000000d5f00000, 0x00000000d8980000, 0x0000000100000000)
  eden space 33280K, 100% used [0x00000000d5f00000,0x00000000d7f80000,0x00000000d7f80000)
  from space 5120K, 99% used [0x00000000d8480000,0x00000000d8978040,0x00000000d8980000)
  to   space 5120K, 0% used [0x00000000d7f80000,0x00000000d7f80000,0x00000000d8480000)
 ParOldGen       total 87552K, used 4123K [0x0000000081c00000, 0x0000000087180000, 0x00000000d5f00000)
  object space 87552K, 4% used [0x0000000081c00000,0x0000000082006c48,0x0000000087180000)
 Metaspace       used 19478K, capacity 20284K, committed 20480K, reserved 1067008K
  class space    used 2530K, capacity 2738K, committed 2816K, reserved 1048576K
Event: 5.987 GC heap after
Heap after GC invocations=3 (full 0):
 PSYoungGen      total 38400K, used 5090K [0x00000000d5f00000, 0x00000000d8980000, 0x0000000100000000)
  eden space 33280K, 0% used [0x00000000d5f00000,0x00000000d5f00000,0x00000000d7f80000)
  from space 5120K, 99% used [0x00000000d7f80000,0x00000000d8478b98,0x00000000d8480000)
  to   space 5120K, 0% used [0x00000000d8480000,0x00000000d8480000,0x00000000d8980000)
 ParOldGen       total 87552K, used 7907K [0x0000000081c00000, 0x0000000087180000, 0x00000000d5f00000)
  object space 87552K, 9% used [0x0000000081c00000,0x00000000823b8fb8,0x0000000087180000)
 Metaspace       used 19478K, capacity 20284K, committed 20480K, reserved 1067008K
  class space    used 2530K, capacity 2738K, committed 2816K, reserved 1048576K
}
Event: 11.889 GC heap before
{Heap before GC invocations=4 (full 0):
 PSYoungGen      total 38400K, used 32081K [0x00000000d5f00000, 0x00000000d8980000, 0x0000000100000000)
  eden space 33280K, 81% used [0x00000000d5f00000,0x00000000d795b8c8,0x00000000d7f80000)
  from space 5120K, 99% used [0x00000000d7f80000,0x00000000d8478b98,0x00000000d8480000)
  to   space 5120K, 0% used [0x00000000d8480000,0x00000000d8480000,0x00000000d8980000)
 ParOldGen       total 87552K, used 7907K [0x0000000081c00000, 0x0000000087180000, 0x00000000d5f00000)
  object space 87552K, 9% used [0x0000000081c00000,0x00000000823b8fb8,0x0000000087180000)
 Metaspace       used 20428K, capacity 21192K, committed 21296K, reserved 1067008K
  class space    used 2671K, capacity 2888K, committed 2944K, reserved 1048576K
Event: 11.909 GC heap after
Heap after GC invocations=4 (full 0):
 PSYoungGen      total 38400K, used 5104K [0x00000000d5f00000, 0x00000000d8980000, 0x0000000100000000)
  eden space 33280K, 0% used [0x00000000d5f00000,0x00000000d5f00000,0x00000000d7f80000)
  from space 5120K, 99% used [0x00000000d8480000,0x00000000d897c030,0x00000000d8980000)
  to   space 5120K, 0% used [0x00000000d7f80000,0x00000000d7f80000,0x00000000d8480000)
 ParOldGen       total 87552K, used 25853K [0x0000000081c00000, 0x0000000087180000, 0x00000000d5f00000)
  object space 87552K, 29% used [0x0000000081c00000,0x000000008353f6d8,0x0000000087180000)
 Metaspace       used 20428K, capacity 21192K, committed 21296K, reserved 1067008K
  class space    used 2671K, capacity 2888K, committed 2944K, reserved 1048576K
}
Event: 11.909 GC heap before
{Heap before GC invocations=5 (full 1):
 PSYoungGen      total 38400K, used 5104K [0x00000000d5f00000, 0x00000000d8980000, 0x0000000100000000)
  eden space 33280K, 0% used [0x00000000d5f00000,0x00000000d5f00000,0x00000000d7f80000)
  from space 5120K, 99% used [0x00000000d8480000,0x00000000d897c030,0x00000000d8980000)
  to   space 5120K, 0% used [0x00000000d7f80000,0x00000000d7f80000,0x00000000d8480000)
 ParOldGen       total 87552K, used 25853K [0x0000000081c00000, 0x0000000087180000, 0x00000000d5f00000)
  object space 87552K, 29% used [0x0000000081c00000,0x000000008353f6d8,0x0000000087180000)
 Metaspace       used 20428K, capacity 21192K, committed 21296K, reserved 1067008K
  class space    used 2671K, capacity 2888K, committed 2944K, reserved 1048576K
Event: 11.959 GC heap after
Heap after GC invocations=5 (full 1):
 PSYoungGen      total 38400K, used 0K [0x00000000d5f00000, 0x00000000d8980000, 0x0000000100000000)
  eden space 33280K, 0% used [0x00000000d5f00000,0x00000000d5f00000,0x00000000d7f80000)
  from space 5120K, 0% used [0x00000000d8480000,0x00000000d8480000,0x00000000d8980000)
  to   space 5120K, 0% used [0x00000000d7f80000,0x00000000d7f80000,0x00000000d8480000)
 ParOldGen       total 88576K, used 24503K [0x0000000081c00000, 0x0000000087280000, 0x00000000d5f00000)
  object space 88576K, 27% used [0x0000000081c00000,0x00000000833edff8,0x0000000087280000)
 Metaspace       used 20428K, capacity 21192K, committed 21296K, reserved 1067008K
  class space    used 2671K, capacity 2888K, committed 2944K, reserved 1048576K
}
Event: 15.574 GC heap before
{Heap before GC invocations=6 (full 1):
 PSYoungGen      total 38400K, used 30680K [0x00000000d5f00000, 0x00000000d8980000, 0x0000000100000000)
  eden space 33280K, 92% used [0x00000000d5f00000,0x00000000d7cf63a8,0x00000000d7f80000)
  from space 5120K, 0% used [0x00000000d8480000,0x00000000d8480000,0x00000000d8980000)
  to   space 5120K, 0% used [0x00000000d7f80000,0x00000000d7f80000,0x00000000d8480000)
 ParOldGen       total 88576K, used 24503K [0x0000000081c00000, 0x0000000087280000, 0x00000000d5f00000)
  object space 88576K, 27% used [0x0000000081c00000,0x00000000833edff8,0x0000000087280000)
 Metaspace       used 24505K, capacity 25386K, committed 25728K, reserved 1071104K
  class space    used 3098K, capacity 3345K, committed 3456K, reserved 1048576K
Event: 15.585 GC heap after
Heap after GC invocations=6 (full 1):
 PSYoungGen      total 37888K, used 5090K [0x00000000d5f00000, 0x00000000dbb00000, 0x0000000100000000)
  eden space 32768K, 0% used [0x00000000d5f00000,0x00000000d5f00000,0x00000000d7f00000)
  from space 5120K, 99% used [0x00000000d7f80000,0x00000000d8478810,0x00000000d8480000)
  to   space 30720K, 0% used [0x00000000d9d00000,0x00000000d9d00000,0x00000000dbb00000)
 ParOldGen       total 88576K, used 46133K [0x0000000081c00000, 0x0000000087280000, 0x00000000d5f00000)
  object space 88576K, 52% used [0x0000000081c00000,0x000000008490d6f8,0x0000000087280000)
 Metaspace       used 24505K, capacity 25386K, committed 25728K, reserved 1071104K
  class space    used 3098K, capacity 3345K, committed 3456K, reserved 1048576K
}
Event: 15.755 GC heap before
{Heap before GC invocations=7 (full 1):
 PSYoungGen      total 37888K, used 37858K [0x00000000d5f00000, 0x00000000dbb00000, 0x0000000100000000)
  eden space 32768K, 100% used [0x00000000d5f00000,0x00000000d7f00000,0x00000000d7f00000)
  from space 5120K, 99% used [0x00000000d7f80000,0x00000000d8478810,0x00000000d8480000)
  to   space 30720K, 0% used [0x00000000d9d00000,0x00000000d9d00000,0x00000000dbb00000)
 ParOldGen       total 88576K, used 46133K [0x0000000081c00000, 0x0000000087280000, 0x00000000d5f00000)
  object space 88576K, 52% used [0x0000000081c00000,0x000000008490d6f8,0x0000000087280000)
 Metaspace       used 24533K, capacity 25386K, committed 25728K, reserved 1071104K
  class space    used 3099K, capacity 3345K, committed 3456K, reserved 1048576K
Event: 15.765 GC heap after
Heap after GC invocations=7 (full 1):
 PSYoungGen      total 64512K, used 17224K [0x00000000d5f00000, 0x00000000dd300000, 0x0000000100000000)
  eden space 33792K, 0% used [0x00000000d5f00000,0x00000000d5f00000,0x00000000d8000000)
  from space 30720K, 56% used [0x00000000d9d00000,0x00000000dadd2040,0x00000000dbb00000)
  to   space 29696K, 0% used [0x00000000d8000000,0x00000000d8000000,0x00000000d9d00000)
 ParOldGen       total 88576K, used 46141K [0x0000000081c00000, 0x0000000087280000, 0x00000000d5f00000)
  object space 88576K, 52% used [0x0000000081c00000,0x000000008490f6f8,0x0000000087280000)
 Metaspace       used 24533K, capacity 25386K, committed 25728K, reserved 1071104K
  class space    used 3099K, capacity 3345K, committed 3456K, reserved 1048576K
}

