# JRE version: Java(TM) SE Runtime Environment (8.0_251-b08) (build 1.8.0_251-b08)
# Java VM: Java HotSpot(TM) 64-Bit Server VM (25.251-b08 mixed mode windows-amd64 compressed oops)
Heap:
 PSYoungGen      total 76800K, used 42057K [0x00000000d5f00000, 0x00000000df300000, 0x0000000100000000)
  eden space 50176K, 32% used [0x00000000d5f00000,0x00000000d6ed5d48,0x00000000d9000000)
  from space 26624K, 97% used [0x00000000d9000000,0x00000000da93ca80,0x00000000daa00000)
  to   space 31232K, 0% used [0x00000000dd480000,0x00000000dd480000,0x00000000df300000)
 ParOldGen       total 87040K, used 47735K [0x0000000081c00000, 0x0000000087100000, 0x00000000d5f00000)
  object space 87040K, 54% used [0x0000000081c00000,0x0000000084a9dd80,0x0000000087100000)
 Metaspace       used 26203K, capacity 26958K, committed 27264K, reserved 1073152K
  class space    used 3259K, capacity 3443K, committed 3456K, reserved 1048576K
GC Heap History (10 events):
Event: 11.276 GC heap before
{Heap before GC invocations=4 (full 0):
 PSYoungGen      total 38400K, used 32057K [0x00000000d5f00000, 0x00000000d8980000, 0x0000000100000000)
  eden space 33280K, 80% used [0x00000000d5f00000,0x00000000d7951898,0x00000000d7f80000)
  from space 5120K, 99% used [0x00000000d7f80000,0x00000000d847cb98,0x00000000d8480000)
  to   space 5120K, 0% used [0x00000000d8480000,0x00000000d8480000,0x00000000d8980000)
 ParOldGen       total 87552K, used 7971K [0x0000000081c00000, 0x0000000087180000, 0x00000000d5f00000)
  object space 87552K, 9% used [0x0000000081c00000,0x00000000823c8d78,0x0000000087180000)
 Metaspace       used 20485K, capacity 21238K, committed 21296K, reserved 1067008K
  class space    used 2672K, capacity 2887K, committed 2944K, reserved 1048576K
Event: 11.292 GC heap after
Heap after GC invocations=4 (full 0):
 PSYoungGen      total 38400K, used 5090K [0x00000000d5f00000, 0x00000000d8980000, 0x0000000100000000)
  eden space 33280K, 0% used [0x00000000d5f00000,0x00000000d5f00000,0x00000000d7f80000)
  from space 5120K, 99% used [0x00000000d8480000,0x00000000d8978ba8,0x00000000d8980000)
  to   space 5120K, 0% used [0x00000000d7f80000,0x00000000d7f80000,0x00000000d8480000)
 ParOldGen       total 87552K, used 25931K [0x0000000081c00000, 0x0000000087180000, 0x00000000d5f00000)
  object space 87552K, 29% used [0x0000000081c00000,0x0000000083552f58,0x0000000087180000)
 Metaspace       used 20485K, capacity 21238K, committed 21296K, reserved 1067008K
  class space    used 2672K, capacity 2887K, committed 2944K, reserved 1048576K
}
Event: 11.292 GC heap before
{Heap before GC invocations=5 (full 1):
 PSYoungGen      total 38400K, used 5090K [0x00000000d5f00000, 0x00000000d8980000, 0x0000000100000000)
  eden space 33280K, 0% used [0x00000000d5f00000,0x00000000d5f00000,0x00000000d7f80000)
  from space 5120K, 99% used [0x00000000d8480000,0x00000000d8978ba8,0x00000000d8980000)
  to   space 5120K, 0% used [0x00000000d7f80000,0x00000000d7f80000,0x00000000d8480000)
 ParOldGen       total 87552K, used 25931K [0x0000000081c00000, 0x0000000087180000, 0x00000000d5f00000)
  object space 87552K, 29% used [0x0000000081c00000,0x0000000083552f58,0x0000000087180000)
 Metaspace       used 20485K, capacity 21238K, committed 21296K, reserved 1067008K
  class space    used 2672K, capacity 2887K, committed 2944K, reserved 1048576K
Event: 11.342 GC heap after
Heap after GC invocations=5 (full 1):
 PSYoungGen      total 38400K, used 0K [0x00000000d5f00000, 0x00000000d8980000, 0x0000000100000000)
  eden space 33280K, 0% used [0x00000000d5f00000,0x00000000d5f00000,0x00000000d7f80000)
  from space 5120K, 0% used [0x00000000d8480000,0x00000000d8480000,0x00000000d8980000)
  to   space 5120K, 0% used [0x00000000d7f80000,0x00000000d7f80000,0x00000000d8480000)
 ParOldGen       total 87040K, used 24525K [0x0000000081c00000, 0x0000000087100000, 0x00000000d5f00000)
  object space 87040K, 28% used [0x0000000081c00000,0x00000000833f3598,0x0000000087100000)
 Metaspace       used 20485K, capacity 21238K, committed 21296K, reserved 1067008K
  class space    used 2672K, capacity 2887K, committed 2944K, reserved 1048576K
}
Event: 32.683 GC heap before
{Heap before GC invocations=6 (full 1):
 PSYoungGen      total 38400K, used 30856K [0x00000000d5f00000, 0x00000000d8980000, 0x0000000100000000)
  eden space 33280K, 92% used [0x00000000d5f00000,0x00000000d7d22278,0x00000000d7f80000)
  from space 5120K, 0% used [0x00000000d8480000,0x00000000d8480000,0x00000000d8980000)
  to   space 5120K, 0% used [0x00000000d7f80000,0x00000000d7f80000,0x00000000d8480000)
 ParOldGen       total 87040K, used 24525K [0x0000000081c00000, 0x0000000087100000, 0x00000000d5f00000)
  object space 87040K, 28% used [0x0000000081c00000,0x00000000833f3598,0x0000000087100000)
 Metaspace       used 25686K, capacity 26542K, committed 26752K, reserved 1073152K
  class space    used 3203K, capacity 3411K, committed 3456K, reserved 1048576K
Event: 32.694 GC heap after
Heap after GC invocations=6 (full 1):
 PSYoungGen      total 38400K, used 5110K [0x00000000d5f00000, 0x00000000dc100000, 0x0000000100000000)
  eden space 33280K, 0% used [0x00000000d5f00000,0x00000000d5f00000,0x00000000d7f80000)
  from space 5120K, 99% used [0x00000000d7f80000,0x00000000d847db58,0x00000000d8480000)
  to   space 23552K, 0% used [0x00000000daa00000,0x00000000daa00000,0x00000000dc100000)
 ParOldGen       total 87040K, used 35425K [0x0000000081c00000, 0x0000000087100000, 0x00000000d5f00000)
  object space 87040K, 40% used [0x0000000081c00000,0x0000000083e98550,0x0000000087100000)
 Metaspace       used 25686K, capacity 26542K, committed 26752K, reserved 1073152K
  class space    used 3203K, capacity 3411K, committed 3456K, reserved 1048576K
}
Event: 32.966 GC heap before
{Heap before GC invocations=7 (full 1):
 PSYoungGen      total 38400K, used 38390K [0x00000000d5f00000, 0x00000000dc100000, 0x0000000100000000)
  eden space 33280K, 100% used [0x00000000d5f00000,0x00000000d7f80000,0x00000000d7f80000)
  from space 5120K, 99% used [0x00000000d7f80000,0x00000000d847db58,0x00000000d8480000)
  to   space 23552K, 0% used [0x00000000daa00000,0x00000000daa00000,0x00000000dc100000)
 ParOldGen       total 87040K, used 35425K [0x0000000081c00000, 0x0000000087100000, 0x00000000d5f00000)
  object space 87040K, 40% used [0x0000000081c00000,0x0000000083e98550,0x0000000087100000)
 Metaspace       used 26052K, capacity 26894K, committed 27008K, reserved 1073152K
  class space    used 3246K, capacity 3443K, committed 3456K, reserved 1048576K
Event: 32.980 GC heap after
Heap after GC invocations=7 (full 1):
 PSYoungGen      total 73728K, used 21600K [0x00000000d5f00000, 0x00000000dcd80000, 0x0000000100000000)
  eden space 50176K, 0% used [0x00000000d5f00000,0x00000000d5f00000,0x00000000d9000000)
  from space 23552K, 91% used [0x00000000daa00000,0x00000000dbf18040,0x00000000dc100000)
  to   space 26624K, 0% used [0x00000000d9000000,0x00000000d9000000,0x00000000daa00000)
 ParOldGen       total 87040K, used 39531K [0x0000000081c00000, 0x0000000087100000, 0x00000000d5f00000)
  object space 87040K, 45% used [0x0000000081c00000,0x000000008429ad60,0x0000000087100000)
 Metaspace       used 26052K, capacity 26894K, committed 27008K, reserved 1073152K
  class space    used 3246K, capacity 3443K, committed 3456K, reserved 1048576K
}
Event: 34.427 GC heap before
{Heap before GC invocations=8 (full 1):
 PSYoungGen      total 73728K, used 71776K [0x00000000d5f00000, 0x00000000dcd80000, 0x0000000100000000)
  eden space 50176K, 100% used [0x00000000d5f00000,0x00000000d9000000,0x00000000d9000000)
  from space 23552K, 91% used [0x00000000daa00000,0x00000000dbf18040,0x00000000dc100000)
  to   space 26624K, 0% used [0x00000000d9000000,0x00000000d9000000,0x00000000daa00000)
 ParOldGen       total 87040K, used 39531K [0x0000000081c00000, 0x0000000087100000, 0x00000000d5f00000)
  object space 87040K, 45% used [0x0000000081c00000,0x000000008429ad60,0x0000000087100000)
 Metaspace       used 26194K, capacity 26958K, committed 27264K, reserved 1073152K
  class space    used 3258K, capacity 3443K, committed 3456K, reserved 1048576K
Event: 34.440 GC heap after
Heap after GC invocations=8 (full 1):
 PSYoungGen      total 76800K, used 25842K [0x00000000d5f00000, 0x00000000df300000, 0x0000000100000000)
  eden space 50176K, 0% used [0x00000000d5f00000,0x00000000d5f00000,0x00000000d9000000)
  from space 26624K, 97% used [0x00000000d9000000,0x00000000da93ca80,0x00000000daa00000)
  to   space 31232K, 0% used [0x00000000dd480000,0x00000000dd480000,0x00000000df300000)
 ParOldGen       total 87040K, used 47735K [0x0000000081c00000, 0x0000000087100000, 0x00000000d5f00000)
  object space 87040K, 54% used [0x0000000081c00000,0x0000000084a9dd80,0x0000000087100000)
 Metaspace       used 26194K, capacity 26958K, committed 27264K, reserved 1073152K
  class space    used 3258K, capacity 3443K, committed 3456K, reserved 1048576K
}

