# JRE version: Java(TM) SE Runtime Environment (8.0_251-b08) (build 1.8.0_251-b08)
# Java VM: Java HotSpot(TM) 64-Bit Server VM (25.251-b08 mixed mode windows-amd64 compressed oops)
Heap:
 PSYoungGen      total 83456K, used 7394K [0x00000000d5f00000, 0x00000000df100000, 0x0000000100000000)
  eden space 53248K, 13% used [0x00000000d5f00000,0x00000000d6638818,0x00000000d9300000)
  from space 30208K, 0% used [0x00000000d9300000,0x00000000d9300000,0x00000000db080000)
  to   space 34304K, 0% used [0x00000000dcf80000,0x00000000dcf80000,0x00000000df100000)
 ParOldGen       total 99328K, used 42337K [0x0000000081c00000, 0x0000000087d00000, 0x00000000d5f00000)
  object space 99328K, 42% used [0x0000000081c00000,0x0000000084558690,0x0000000087d00000)
 Metaspace       used 26139K, capacity 26974K, committed 27264K, reserved 1073152K
  class space    used 3250K, capacity 3443K, committed 3456K, reserved 1048576K
GC Heap History (10 events):
Event: 38.301 GC heap before
{Heap before GC invocations=7 (full 1):
 PSYoungGen      total 37888K, used 36581K [0x00000000d5f00000, 0x00000000dab00000, 0x0000000100000000)
  eden space 32768K, 100% used [0x00000000d5f00000,0x00000000d7f00000,0x00000000d7f00000)
  from space 5120K, 74% used [0x00000000d7f80000,0x00000000d8339628,0x00000000d8480000)
  to   space 22528K, 0% used [0x00000000d9500000,0x00000000d9500000,0x00000000dab00000)
 ParOldGen       total 75264K, used 36782K [0x0000000081c00000, 0x0000000086580000, 0x00000000d5f00000)
  object space 75264K, 48% used [0x0000000081c00000,0x0000000083febad8,0x0000000086580000)
 Metaspace       used 25998K, capacity 26782K, committed 27008K, reserved 1073152K
  class space    used 3238K, capacity 3443K, committed 3456K, reserved 1048576K
Event: 38.311 GC heap after
Heap after GC invocations=7 (full 1):
 PSYoungGen      total 50688K, used 21898K [0x00000000d5f00000, 0x00000000dcd80000, 0x0000000100000000)
  eden space 28160K, 0% used [0x00000000d5f00000,0x00000000d5f00000,0x00000000d7a80000)
  from space 22528K, 97% used [0x00000000d9500000,0x00000000daa62be0,0x00000000dab00000)
  to   space 27136K, 0% used [0x00000000d7a80000,0x00000000d7a80000,0x00000000d9500000)
 ParOldGen       total 75264K, used 36790K [0x0000000081c00000, 0x0000000086580000, 0x00000000d5f00000)
  object space 75264K, 48% used [0x0000000081c00000,0x0000000083fedad8,0x0000000086580000)
 Metaspace       used 25998K, capacity 26782K, committed 27008K, reserved 1073152K
  class space    used 3238K, capacity 3443K, committed 3456K, reserved 1048576K
}
Event: 38.613 GC heap before
{Heap before GC invocations=8 (full 1):
 PSYoungGen      total 50688K, used 50058K [0x00000000d5f00000, 0x00000000dcd80000, 0x0000000100000000)
  eden space 28160K, 100% used [0x00000000d5f00000,0x00000000d7a80000,0x00000000d7a80000)
  from space 22528K, 97% used [0x00000000d9500000,0x00000000daa62be0,0x00000000dab00000)
  to   space 27136K, 0% used [0x00000000d7a80000,0x00000000d7a80000,0x00000000d9500000)
 ParOldGen       total 75264K, used 36790K [0x0000000081c00000, 0x0000000086580000, 0x00000000d5f00000)
  object space 75264K, 48% used [0x0000000081c00000,0x0000000083fedad8,0x0000000086580000)
 Metaspace       used 26045K, capacity 26846K, committed 27008K, reserved 1073152K
  class space    used 3243K, capacity 3443K, committed 3456K, reserved 1048576K
Event: 38.622 GC heap after
Heap after GC invocations=8 (full 1):
 PSYoungGen      total 55296K, used 25964K [0x00000000d5f00000, 0x00000000dd080000, 0x0000000100000000)
  eden space 28160K, 0% used [0x00000000d5f00000,0x00000000d5f00000,0x00000000d7a80000)
  from space 27136K, 95% used [0x00000000d7a80000,0x00000000d93db3f0,0x00000000d9500000)
  to   space 32256K, 0% used [0x00000000db100000,0x00000000db100000,0x00000000dd080000)
 ParOldGen       total 75264K, used 49084K [0x0000000081c00000, 0x0000000086580000, 0x00000000d5f00000)
  object space 75264K, 65% used [0x0000000081c00000,0x0000000084bef308,0x0000000086580000)
 Metaspace       used 26045K, capacity 26846K, committed 27008K, reserved 1073152K
  class space    used 3243K, capacity 3443K, committed 3456K, reserved 1048576K
}
Event: 38.740 GC heap before
{Heap before GC invocations=9 (full 1):
 PSYoungGen      total 55296K, used 54124K [0x00000000d5f00000, 0x00000000dd080000, 0x0000000100000000)
  eden space 28160K, 100% used [0x00000000d5f00000,0x00000000d7a80000,0x00000000d7a80000)
  from space 27136K, 95% used [0x00000000d7a80000,0x00000000d93db3f0,0x00000000d9500000)
  to   space 32256K, 0% used [0x00000000db100000,0x00000000db100000,0x00000000dd080000)
 ParOldGen       total 75264K, used 49084K [0x0000000081c00000, 0x0000000086580000, 0x00000000d5f00000)
  object space 75264K, 65% used [0x0000000081c00000,0x0000000084bef308,0x0000000086580000)
 Metaspace       used 26077K, capacity 26846K, committed 27008K, reserved 1073152K
  class space    used 3244K, capacity 3443K, committed 3456K, reserved 1048576K
Event: 38.747 GC heap after
Heap after GC invocations=9 (full 1):
 PSYoungGen      total 82944K, used 13700K [0x00000000d5f00000, 0x00000000dce00000, 0x0000000100000000)
  eden space 53248K, 0% used [0x00000000d5f00000,0x00000000d5f00000,0x00000000d9300000)
  from space 29696K, 46% used [0x00000000db100000,0x00000000dbe612b8,0x00000000dce00000)
  to   space 30208K, 0% used [0x00000000d9300000,0x00000000d9300000,0x00000000db080000)
 ParOldGen       total 75264K, used 49084K [0x0000000081c00000, 0x0000000086580000, 0x00000000d5f00000)
  object space 75264K, 65% used [0x0000000081c00000,0x0000000084bef308,0x0000000086580000)
 Metaspace       used 26077K, capacity 26846K, committed 27008K, reserved 1073152K
  class space    used 3244K, capacity 3443K, committed 3456K, reserved 1048576K
}
Event: 40.308 GC heap before
{Heap before GC invocations=10 (full 1):
 PSYoungGen      total 82944K, used 66948K [0x00000000d5f00000, 0x00000000dce00000, 0x0000000100000000)
  eden space 53248K, 100% used [0x00000000d5f00000,0x00000000d9300000,0x00000000d9300000)
  from space 29696K, 46% used [0x00000000db100000,0x00000000dbe612b8,0x00000000dce00000)
  to   space 30208K, 0% used [0x00000000d9300000,0x00000000d9300000,0x00000000db080000)
 ParOldGen       total 75264K, used 49084K [0x0000000081c00000, 0x0000000086580000, 0x00000000d5f00000)
  object space 75264K, 65% used [0x0000000081c00000,0x0000000084bef308,0x0000000086580000)
 Metaspace       used 26130K, capacity 26910K, committed 27264K, reserved 1073152K
  class space    used 3250K, capacity 3443K, committed 3456K, reserved 1048576K
Event: 40.316 GC heap after
Heap after GC invocations=10 (full 1):
 PSYoungGen      total 83456K, used 28974K [0x00000000d5f00000, 0x00000000df100000, 0x0000000100000000)
  eden space 53248K, 0% used [0x00000000d5f00000,0x00000000d5f00000,0x00000000d9300000)
  from space 30208K, 95% used [0x00000000d9300000,0x00000000daf4b870,0x00000000db080000)
  to   space 34304K, 0% used [0x00000000dcf80000,0x00000000dcf80000,0x00000000df100000)
 ParOldGen       total 75264K, used 58508K [0x0000000081c00000, 0x0000000086580000, 0x00000000d5f00000)
  object space 75264K, 77% used [0x0000000081c00000,0x0000000085523020,0x0000000086580000)
 Metaspace       used 26130K, capacity 26910K, committed 27264K, reserved 1073152K
  class space    used 3250K, capacity 3443K, committed 3456K, reserved 1048576K
}
Event: 40.316 GC heap before
{Heap before GC invocations=11 (full 2):
 PSYoungGen      total 83456K, used 28974K [0x00000000d5f00000, 0x00000000df100000, 0x0000000100000000)
  eden space 53248K, 0% used [0x00000000d5f00000,0x00000000d5f00000,0x00000000d9300000)
  from space 30208K, 95% used [0x00000000d9300000,0x00000000daf4b870,0x00000000db080000)
  to   space 34304K, 0% used [0x00000000dcf80000,0x00000000dcf80000,0x00000000df100000)
 ParOldGen       total 75264K, used 58508K [0x0000000081c00000, 0x0000000086580000, 0x00000000d5f00000)
  object space 75264K, 77% used [0x0000000081c00000,0x0000000085523020,0x0000000086580000)
 Metaspace       used 26130K, capacity 26910K, committed 27264K, reserved 1073152K
  class space    used 3250K, capacity 3443K, committed 3456K, reserved 1048576K
Event: 40.344 GC heap after
Heap after GC invocations=11 (full 2):
 PSYoungGen      total 83456K, used 0K [0x00000000d5f00000, 0x00000000df100000, 0x0000000100000000)
  eden space 53248K, 0% used [0x00000000d5f00000,0x00000000d5f00000,0x00000000d9300000)
  from space 30208K, 0% used [0x00000000d9300000,0x00000000d9300000,0x00000000db080000)
  to   space 34304K, 0% used [0x00000000dcf80000,0x00000000dcf80000,0x00000000df100000)
 ParOldGen       total 99328K, used 42337K [0x0000000081c00000, 0x0000000087d00000, 0x00000000d5f00000)
  object space 99328K, 42% used [0x0000000081c00000,0x0000000084558690,0x0000000087d00000)
 Metaspace       used 26130K, capacity 26910K, committed 27264K, reserved 1073152K
  class space    used 3250K, capacity 3443K, committed 3456K, reserved 1048576K
}

