# JRE version: Java(TM) SE Runtime Environment (8.0_251-b08) (build 1.8.0_251-b08)
# Java VM: Java HotSpot(TM) 64-Bit Server VM (25.251-b08 mixed mode windows-amd64 compressed oops)
Heap:
 PSYoungGen      total 73728K, used 37536K [0x00000000d5f00000, 0x00000000dcd80000, 0x0000000100000000)
  eden space 49664K, 31% used [0x00000000d5f00000,0x00000000d6e39d78,0x00000000d8f80000)
  from space 24064K, 91% used [0x00000000daa80000,0x00000000dbfee508,0x00000000dc200000)
  to   space 27648K, 0% used [0x00000000d8f80000,0x00000000d8f80000,0x00000000daa80000)
 ParOldGen       total 75264K, used 49097K [0x0000000081c00000, 0x0000000086580000, 0x00000000d5f00000)
  object space 75264K, 65% used [0x0000000081c00000,0x0000000084bf2410,0x0000000086580000)
 Metaspace       used 26222K, capacity 26974K, committed 27264K, reserved 1073152K
  class space    used 3262K, capacity 3443K, committed 3456K, reserved 1048576K
GC Heap History (10 events):
Event: 12.387 GC heap before
{Heap before GC invocations=5 (full 1):
 PSYoungGen      total 38400K, used 5088K [0x00000000d5f00000, 0x00000000d8980000, 0x0000000100000000)
  eden space 33280K, 0% used [0x00000000d5f00000,0x00000000d5f00000,0x00000000d7f80000)
  from space 5120K, 99% used [0x00000000d8480000,0x00000000d8978050,0x00000000d8980000)
  to   space 5120K, 0% used [0x00000000d7f80000,0x00000000d7f80000,0x00000000d8480000)
 ParOldGen       total 87552K, used 25852K [0x0000000081c00000, 0x0000000087180000, 0x00000000d5f00000)
  object space 87552K, 29% used [0x0000000081c00000,0x000000008353f3d8,0x0000000087180000)
 Metaspace       used 20430K, capacity 21186K, committed 21296K, reserved 1067008K
  class space    used 2664K, capacity 2885K, committed 2944K, reserved 1048576K
Event: 12.439 GC heap after
Heap after GC invocations=5 (full 1):
 PSYoungGen      total 38400K, used 0K [0x00000000d5f00000, 0x00000000d8980000, 0x0000000100000000)
  eden space 33280K, 0% used [0x00000000d5f00000,0x00000000d5f00000,0x00000000d7f80000)
  from space 5120K, 0% used [0x00000000d8480000,0x00000000d8480000,0x00000000d8980000)
  to   space 5120K, 0% used [0x00000000d7f80000,0x00000000d7f80000,0x00000000d8480000)
 ParOldGen       total 75264K, used 24484K [0x0000000081c00000, 0x0000000086580000, 0x00000000d5f00000)
  object space 75264K, 32% used [0x0000000081c00000,0x00000000833e93b0,0x0000000086580000)
 Metaspace       used 20430K, capacity 21186K, committed 21296K, reserved 1067008K
  class space    used 2664K, capacity 2885K, committed 2944K, reserved 1048576K
}
Event: 25.983 GC heap before
{Heap before GC invocations=6 (full 1):
 PSYoungGen      total 38400K, used 31341K [0x00000000d5f00000, 0x00000000d8980000, 0x0000000100000000)
  eden space 33280K, 94% used [0x00000000d5f00000,0x00000000d7d9b4a8,0x00000000d7f80000)
  from space 5120K, 0% used [0x00000000d8480000,0x00000000d8480000,0x00000000d8980000)
  to   space 5120K, 0% used [0x00000000d7f80000,0x00000000d7f80000,0x00000000d8480000)
 ParOldGen       total 75264K, used 24484K [0x0000000081c00000, 0x0000000086580000, 0x00000000d5f00000)
  object space 75264K, 32% used [0x0000000081c00000,0x00000000833e93b0,0x0000000086580000)
 Metaspace       used 25710K, capacity 26494K, committed 26752K, reserved 1073152K
  class space    used 3205K, capacity 3411K, committed 3456K, reserved 1048576K
Event: 25.991 GC heap after
Heap after GC invocations=6 (full 1):
 PSYoungGen      total 37888K, used 3795K [0x00000000d5f00000, 0x00000000dab00000, 0x0000000100000000)
  eden space 32768K, 0% used [0x00000000d5f00000,0x00000000d5f00000,0x00000000d7f00000)
  from space 5120K, 74% used [0x00000000d7f80000,0x00000000d8334cc0,0x00000000d8480000)
  to   space 22528K, 0% used [0x00000000d9500000,0x00000000d9500000,0x00000000dab00000)
 ParOldGen       total 75264K, used 36786K [0x0000000081c00000, 0x0000000086580000, 0x00000000d5f00000)
  object space 75264K, 48% used [0x0000000081c00000,0x0000000083fecbe0,0x0000000086580000)
 Metaspace       used 25710K, capacity 26494K, committed 26752K, reserved 1073152K
  class space    used 3205K, capacity 3411K, committed 3456K, reserved 1048576K
}
Event: 26.235 GC heap before
{Heap before GC invocations=7 (full 1):
 PSYoungGen      total 37888K, used 36563K [0x00000000d5f00000, 0x00000000dab00000, 0x0000000100000000)
  eden space 32768K, 100% used [0x00000000d5f00000,0x00000000d7f00000,0x00000000d7f00000)
  from space 5120K, 74% used [0x00000000d7f80000,0x00000000d8334cc0,0x00000000d8480000)
  to   space 22528K, 0% used [0x00000000d9500000,0x00000000d9500000,0x00000000dab00000)
 ParOldGen       total 75264K, used 36786K [0x0000000081c00000, 0x0000000086580000, 0x00000000d5f00000)
  object space 75264K, 48% used [0x0000000081c00000,0x0000000083fecbe0,0x0000000086580000)
 Metaspace       used 26077K, capacity 26846K, committed 27008K, reserved 1073152K
  class space    used 3248K, capacity 3443K, committed 3456K, reserved 1048576K
Event: 26.249 GC heap after
Heap after GC invocations=7 (full 1):
 PSYoungGen      total 52736K, used 17800K [0x00000000d5f00000, 0x00000000dc980000, 0x0000000100000000)
  eden space 30208K, 0% used [0x00000000d5f00000,0x00000000d5f00000,0x00000000d7c80000)
  from space 22528K, 79% used [0x00000000d9500000,0x00000000da6623d0,0x00000000dab00000)
  to   space 25088K, 0% used [0x00000000d7c80000,0x00000000d7c80000,0x00000000d9500000)
 ParOldGen       total 75264K, used 36794K [0x0000000081c00000, 0x0000000086580000, 0x00000000d5f00000)
  object space 75264K, 48% used [0x0000000081c00000,0x0000000083feebe0,0x0000000086580000)
 Metaspace       used 26077K, capacity 26846K, committed 27008K, reserved 1073152K
  class space    used 3248K, capacity 3443K, committed 3456K, reserved 1048576K
}
Event: 28.671 GC heap before
{Heap before GC invocations=8 (full 1):
 PSYoungGen      total 52736K, used 45960K [0x00000000d5f00000, 0x00000000dc980000, 0x0000000100000000)
  eden space 30208K, 93% used [0x00000000d5f00000,0x00000000d7a7ffc8,0x00000000d7c80000)
  from space 22528K, 79% used [0x00000000d9500000,0x00000000da6623d0,0x00000000dab00000)
  to   space 25088K, 0% used [0x00000000d7c80000,0x00000000d7c80000,0x00000000d9500000)
 ParOldGen       total 75264K, used 36794K [0x0000000081c00000, 0x0000000086580000, 0x00000000d5f00000)
  object space 75264K, 48% used [0x0000000081c00000,0x0000000083feebe0,0x0000000086580000)
 Metaspace       used 26213K, capacity 26974K, committed 27264K, reserved 1073152K
  class space    used 3261K, capacity 3443K, committed 3456K, reserved 1048576K
Event: 28.674 GC heap after
Heap after GC invocations=8 (full 1):
 PSYoungGen      total 55296K, used 5673K [0x00000000d5f00000, 0x00000000dc200000, 0x0000000100000000)
  eden space 30208K, 0% used [0x00000000d5f00000,0x00000000d5f00000,0x00000000d7c80000)
  from space 25088K, 22% used [0x00000000d7c80000,0x00000000d820a4b0,0x00000000d9500000)
  to   space 24064K, 0% used [0x00000000daa80000,0x00000000daa80000,0x00000000dc200000)
 ParOldGen       total 75264K, used 36802K [0x0000000081c00000, 0x0000000086580000, 0x00000000d5f00000)
  object space 75264K, 48% used [0x0000000081c00000,0x0000000083ff0be0,0x0000000086580000)
 Metaspace       used 26213K, capacity 26974K, committed 27264K, reserved 1073152K
  class space    used 3261K, capacity 3443K, committed 3456K, reserved 1048576K
}
Event: 28.759 GC heap before
{Heap before GC invocations=9 (full 1):
 PSYoungGen      total 55296K, used 35881K [0x00000000d5f00000, 0x00000000dc200000, 0x0000000100000000)
  eden space 30208K, 100% used [0x00000000d5f00000,0x00000000d7c80000,0x00000000d7c80000)
  from space 25088K, 22% used [0x00000000d7c80000,0x00000000d820a4b0,0x00000000d9500000)
  to   space 24064K, 0% used [0x00000000daa80000,0x00000000daa80000,0x00000000dc200000)
 ParOldGen       total 75264K, used 36802K [0x0000000081c00000, 0x0000000086580000, 0x00000000d5f00000)
  object space 75264K, 48% used [0x0000000081c00000,0x0000000083ff0be0,0x0000000086580000)
 Metaspace       used 26214K, capacity 26974K, committed 27264K, reserved 1073152K
  class space    used 3261K, capacity 3443K, committed 3456K, reserved 1048576K
Event: 28.772 GC heap after
Heap after GC invocations=9 (full 1):
 PSYoungGen      total 73728K, used 21945K [0x00000000d5f00000, 0x00000000dcd80000, 0x0000000100000000)
  eden space 49664K, 0% used [0x00000000d5f00000,0x00000000d5f00000,0x00000000d8f80000)
  from space 24064K, 91% used [0x00000000daa80000,0x00000000dbfee508,0x00000000dc200000)
  to   space 27648K, 0% used [0x00000000d8f80000,0x00000000d8f80000,0x00000000daa80000)
 ParOldGen       total 75264K, used 49097K [0x0000000081c00000, 0x0000000086580000, 0x00000000d5f00000)
  object space 75264K, 65% used [0x0000000081c00000,0x0000000084bf2410,0x0000000086580000)
 Metaspace       used 26214K, capacity 26974K, committed 27264K, reserved 1073152K
  class space    used 3261K, capacity 3443K, committed 3456K, reserved 1048576K
}

