# JRE version: Java(TM) SE Runtime Environment (8.0_251-b08) (build 1.8.0_251-b08)
# Java VM: Java HotSpot(TM) 64-Bit Server VM (25.251-b08 mixed mode windows-amd64 compressed oops)
Heap:
 PSYoungGen      total 103424K, used 44959K [0x00000000d5f00000, 0x00000000dee00000, 0x0000000100000000)
  eden space 72704K, 20% used [0x00000000d5f00000,0x00000000d6db7070,0x00000000da600000)
  from space 30720K, 97% used [0x00000000dc880000,0x00000000de5b0bb8,0x00000000de680000)
  to   space 35328K, 0% used [0x00000000da600000,0x00000000da600000,0x00000000dc880000)
 ParOldGen       total 93184K, used 47713K [0x0000000081c00000, 0x0000000087700000, 0x00000000d5f00000)
  object space 93184K, 51% used [0x0000000081c00000,0x0000000084a98420,0x0000000087700000)
 Metaspace       used 26118K, capacity 26910K, committed 27264K, reserved 1073152K
  class space    used 3245K, capacity 3443K, committed 3456K, reserved 1048576K
GC Heap History (10 events):
Event: 14.334 GC heap before
{Heap before GC invocations=5 (full 1):
 PSYoungGen      total 38400K, used 5088K [0x00000000d5f00000, 0x00000000d8980000, 0x0000000100000000)
  eden space 33280K, 0% used [0x00000000d5f00000,0x00000000d5f00000,0x00000000d7f80000)
  from space 5120K, 99% used [0x00000000d8480000,0x00000000d8978030,0x00000000d8980000)
  to   space 5120K, 0% used [0x00000000d7f80000,0x00000000d7f80000,0x00000000d8480000)
 ParOldGen       total 87552K, used 25867K [0x0000000081c00000, 0x0000000087180000, 0x00000000d5f00000)
  object space 87552K, 29% used [0x0000000081c00000,0x0000000083542d68,0x0000000087180000)
 Metaspace       used 20414K, capacity 21194K, committed 21296K, reserved 1067008K
  class space    used 2661K, capacity 2887K, committed 2944K, reserved 1048576K
Event: 14.432 GC heap after
Heap after GC invocations=5 (full 1):
 PSYoungGen      total 38400K, used 0K [0x00000000d5f00000, 0x00000000d8980000, 0x0000000100000000)
  eden space 33280K, 0% used [0x00000000d5f00000,0x00000000d5f00000,0x00000000d7f80000)
  from space 5120K, 0% used [0x00000000d8480000,0x00000000d8480000,0x00000000d8980000)
  to   space 5120K, 0% used [0x00000000d7f80000,0x00000000d7f80000,0x00000000d8480000)
 ParOldGen       total 93184K, used 24520K [0x0000000081c00000, 0x0000000087700000, 0x00000000d5f00000)
  object space 93184K, 26% used [0x0000000081c00000,0x00000000833f2398,0x0000000087700000)
 Metaspace       used 20414K, capacity 21194K, committed 21296K, reserved 1067008K
  class space    used 2661K, capacity 2887K, committed 2944K, reserved 1048576K
}
Event: 21.607 GC heap before
{Heap before GC invocations=6 (full 1):
 PSYoungGen      total 38400K, used 30727K [0x00000000d5f00000, 0x00000000d8980000, 0x0000000100000000)
  eden space 33280K, 92% used [0x00000000d5f00000,0x00000000d7d01c78,0x00000000d7f80000)
  from space 5120K, 0% used [0x00000000d8480000,0x00000000d8480000,0x00000000d8980000)
  to   space 5120K, 0% used [0x00000000d7f80000,0x00000000d7f80000,0x00000000d8480000)
 ParOldGen       total 93184K, used 24520K [0x0000000081c00000, 0x0000000087700000, 0x00000000d5f00000)
  object space 93184K, 26% used [0x0000000081c00000,0x00000000833f2398,0x0000000087700000)
 Metaspace       used 25601K, capacity 26430K, committed 26752K, reserved 1073152K
  class space    used 3189K, capacity 3411K, committed 3456K, reserved 1048576K
Event: 21.617 GC heap after
Heap after GC invocations=6 (full 1):
 PSYoungGen      total 38400K, used 5095K [0x00000000d5f00000, 0x00000000dbb00000, 0x0000000100000000)
  eden space 33280K, 0% used [0x00000000d5f00000,0x00000000d5f00000,0x00000000d7f80000)
  from space 5120K, 99% used [0x00000000d7f80000,0x00000000d8479d88,0x00000000d8480000)
  to   space 23552K, 0% used [0x00000000da400000,0x00000000da400000,0x00000000dbb00000)
 ParOldGen       total 93184K, used 35410K [0x0000000081c00000, 0x0000000087700000, 0x00000000d5f00000)
  object space 93184K, 38% used [0x0000000081c00000,0x0000000083e94bf0,0x0000000087700000)
 Metaspace       used 25601K, capacity 26430K, committed 26752K, reserved 1073152K
  class space    used 3189K, capacity 3411K, committed 3456K, reserved 1048576K
}
Event: 21.902 GC heap before
{Heap before GC invocations=7 (full 1):
 PSYoungGen      total 38400K, used 38375K [0x00000000d5f00000, 0x00000000dbb00000, 0x0000000100000000)
  eden space 33280K, 100% used [0x00000000d5f00000,0x00000000d7f80000,0x00000000d7f80000)
  from space 5120K, 99% used [0x00000000d7f80000,0x00000000d8479d88,0x00000000d8480000)
  to   space 23552K, 0% used [0x00000000da400000,0x00000000da400000,0x00000000dbb00000)
 ParOldGen       total 93184K, used 35410K [0x0000000081c00000, 0x0000000087700000, 0x00000000d5f00000)
  object space 93184K, 38% used [0x0000000081c00000,0x0000000083e94bf0,0x0000000087700000)
 Metaspace       used 25969K, capacity 26782K, committed 27008K, reserved 1073152K
  class space    used 3232K, capacity 3443K, committed 3456K, reserved 1048576K
Event: 21.913 GC heap after
Heap after GC invocations=7 (full 1):
 PSYoungGen      total 67584K, used 21566K [0x00000000d5f00000, 0x00000000dc980000, 0x0000000100000000)
  eden space 44032K, 0% used [0x00000000d5f00000,0x00000000d5f00000,0x00000000d8a00000)
  from space 23552K, 91% used [0x00000000da400000,0x00000000db90fb98,0x00000000dbb00000)
  to   space 26624K, 0% used [0x00000000d8a00000,0x00000000d8a00000,0x00000000da400000)
 ParOldGen       total 93184K, used 35418K [0x0000000081c00000, 0x0000000087700000, 0x00000000d5f00000)
  object space 93184K, 38% used [0x0000000081c00000,0x0000000083e96bf0,0x0000000087700000)
 Metaspace       used 25969K, capacity 26782K, committed 27008K, reserved 1073152K
  class space    used 3232K, capacity 3443K, committed 3456K, reserved 1048576K
}
Event: 22.327 GC heap before
{Heap before GC invocations=8 (full 1):
 PSYoungGen      total 67584K, used 65598K [0x00000000d5f00000, 0x00000000dc980000, 0x0000000100000000)
  eden space 44032K, 100% used [0x00000000d5f00000,0x00000000d8a00000,0x00000000d8a00000)
  from space 23552K, 91% used [0x00000000da400000,0x00000000db90fb98,0x00000000dbb00000)
  to   space 26624K, 0% used [0x00000000d8a00000,0x00000000d8a00000,0x00000000da400000)
 ParOldGen       total 93184K, used 35418K [0x0000000081c00000, 0x0000000087700000, 0x00000000d5f00000)
  object space 93184K, 38% used [0x0000000081c00000,0x0000000083e96bf0,0x0000000087700000)
 Metaspace       used 26016K, capacity 26846K, committed 27008K, reserved 1073152K
  class space    used 3238K, capacity 3443K, committed 3456K, reserved 1048576K
Event: 22.344 GC heap after
Heap after GC invocations=8 (full 1):
 PSYoungGen      total 70656K, used 25696K [0x00000000d5f00000, 0x00000000de680000, 0x0000000100000000)
  eden space 44032K, 0% used [0x00000000d5f00000,0x00000000d5f00000,0x00000000d8a00000)
  from space 26624K, 96% used [0x00000000d8a00000,0x00000000da3183a8,0x00000000da400000)
  to   space 30720K, 0% used [0x00000000dc880000,0x00000000dc880000,0x00000000de680000)
 ParOldGen       total 93184K, used 43615K [0x0000000081c00000, 0x0000000087700000, 0x00000000d5f00000)
  object space 93184K, 46% used [0x0000000081c00000,0x0000000084697c10,0x0000000087700000)
 Metaspace       used 26016K, capacity 26846K, committed 27008K, reserved 1073152K
  class space    used 3238K, capacity 3443K, committed 3456K, reserved 1048576K
}
Event: 23.989 GC heap before
{Heap before GC invocations=9 (full 1):
 PSYoungGen      total 70656K, used 69728K [0x00000000d5f00000, 0x00000000de680000, 0x0000000100000000)
  eden space 44032K, 100% used [0x00000000d5f00000,0x00000000d8a00000,0x00000000d8a00000)
  from space 26624K, 96% used [0x00000000d8a00000,0x00000000da3183a8,0x00000000da400000)
  to   space 30720K, 0% used [0x00000000dc880000,0x00000000dc880000,0x00000000de680000)
 ParOldGen       total 93184K, used 43615K [0x0000000081c00000, 0x0000000087700000, 0x00000000d5f00000)
  object space 93184K, 46% used [0x0000000081c00000,0x0000000084697c10,0x0000000087700000)
 Metaspace       used 26110K, capacity 26910K, committed 27264K, reserved 1073152K
  class space    used 3244K, capacity 3443K, committed 3456K, reserved 1048576K
Event: 24.004 GC heap after
Heap after GC invocations=9 (full 1):
 PSYoungGen      total 103424K, used 29890K [0x00000000d5f00000, 0x00000000dee00000, 0x0000000100000000)
  eden space 72704K, 0% used [0x00000000d5f00000,0x00000000d5f00000,0x00000000da600000)
  from space 30720K, 97% used [0x00000000dc880000,0x00000000de5b0bb8,0x00000000de680000)
  to   space 35328K, 0% used [0x00000000da600000,0x00000000da600000,0x00000000dc880000)
 ParOldGen       total 93184K, used 47713K [0x0000000081c00000, 0x0000000087700000, 0x00000000d5f00000)
  object space 93184K, 51% used [0x0000000081c00000,0x0000000084a98420,0x0000000087700000)
 Metaspace       used 26110K, capacity 26910K, committed 27264K, reserved 1073152K
  class space    used 3244K, capacity 3443K, committed 3456K, reserved 1048576K
}

